[    0.000000] Initializing cgroup subsys cpuset
[    0.000000] Initializing cgroup subsys cpu
[    0.000000] Initializing cgroup subsys cpuacct
[    0.000000] Linux version 4.4.0-186-generic (buildd@lcy01-amd64-002) (gcc version 5.4.0 20160609 (Ubuntu 5.4.0-6ubuntu1~16.04.12) ) #216-Ubuntu SMP Wed Jul 1 05:34:05 UTC 2020 (Ubuntu 4.4.0-186.216-generic 4.4.228)
[    0.000000] Command line: BOOT_IMAGE=/boot/vmlinuz-4.4.0-186-generic root=LABEL=cloudimg-rootfs ro console=tty1 console=ttyS0
[    0.000000] KERNEL supported cpus:
[    0.000000]   Intel GenuineIntel
[    0.000000]   AMD AuthenticAMD
[    0.000000]   Centaur CentaurHauls
[    0.000000] x86/fpu: xstate_offset[2]:  576, xstate_sizes[2]:  256
[    0.000000] x86/fpu: Supporting XSAVE feature 0x01: 'x87 floating point registers'
[    0.000000] x86/fpu: Supporting XSAVE feature 0x02: 'SSE registers'
[    0.000000] x86/fpu: Supporting XSAVE feature 0x04: 'AVX registers'
[    0.000000] x86/fpu: Enabled xstate features 0x7, context size is 832 bytes, using 'standard' format.
[    0.000000] e820: BIOS-provided physical RAM map:
[    0.000000] BIOS-e820: [mem 0x0000000000000000-0x000000000009fbff] usable
[    0.000000] BIOS-e820: [mem 0x000000000009fc00-0x000000000009ffff] reserved
[    0.000000] BIOS-e820: [mem 0x00000000000f0000-0x00000000000fffff] reserved
[    0.000000] BIOS-e820: [mem 0x0000000000100000-0x000000003ffeffff] usable
[    0.000000] BIOS-e820: [mem 0x000000003fff0000-0x000000003fffffff] ACPI data
[    0.000000] BIOS-e820: [mem 0x00000000fec00000-0x00000000fec00fff] reserved
[    0.000000] BIOS-e820: [mem 0x00000000fee00000-0x00000000fee00fff] reserved
[    0.000000] BIOS-e820: [mem 0x00000000fffc0000-0x00000000ffffffff] reserved
[    0.000000] NX (Execute Disable) protection: active
[    0.000000] SMBIOS 2.5 present.
[    0.000000] Hypervisor detected: KVM
[    0.000000] e820: last_pfn = 0x3fff0 max_arch_pfn = 0x400000000
[    0.000000] MTRR: Disabled
[    0.000000] x86/PAT: MTRRs disabled, skipping PAT initialization too.
[    0.000000] CPU MTRRs all blank - virtualized system.
[    0.000000] x86/PAT: Configuration [0-7]: WB  WT  UC- UC  WB  WT  UC- UC  
[    0.000000] found SMP MP-table at [mem 0x0009fff0-0x0009ffff] mapped at [ffff88000009fff0]
[    0.000000] Scanning 1 areas for low memory corruption
[    0.000000] RAMDISK: [mem 0x362e2000-0x37168fff]
[    0.000000] ACPI: Early table checksum verification disabled
[    0.000000] ACPI: RSDP 0x00000000000E0000 000024 (v02 VBOX  )
[    0.000000] ACPI: XSDT 0x000000003FFF0030 00003C (v01 VBOX   VBOXXSDT 00000001 ASL  00000061)
[    0.000000] ACPI: FACP 0x000000003FFF00F0 0000F4 (v04 VBOX   VBOXFACP 00000001 ASL  00000061)
[    0.000000] ACPI: DSDT 0x000000003FFF0470 002325 (v02 VBOX   VBOXBIOS 00000002 INTL 20100528)
[    0.000000] ACPI: FACS 0x000000003FFF0200 000040
[    0.000000] ACPI: FACS 0x000000003FFF0200 000040
[    0.000000] ACPI: APIC 0x000000003FFF0240 00005C (v02 VBOX   VBOXAPIC 00000001 ASL  00000061)
[    0.000000] ACPI: SSDT 0x000000003FFF02A0 0001CC (v01 VBOX   VBOXCPUT 00000002 INTL 20100528)
[    0.000000] No NUMA configuration found
[    0.000000] Faking a node at [mem 0x0000000000000000-0x000000003ffeffff]
[    0.000000] NODE_DATA(0) allocated [mem 0x3ffeb000-0x3ffeffff]
[    0.000000] kvm-clock: Using msrs 4b564d01 and 4b564d00
[    0.000000] kvm-clock: cpu 0, msr 0:3ffe3001, primary cpu clock
[    0.000000] kvm-clock: using sched offset of 5161123054 cycles
[    0.000000] clocksource: kvm-clock: mask: 0xffffffffffffffff max_cycles: 0x1cd42e4dffb, max_idle_ns: 881590591483 ns
[    0.000000] Zone ranges:
[    0.000000]   DMA      [mem 0x0000000000001000-0x0000000000ffffff]
[    0.000000]   DMA32    [mem 0x0000000001000000-0x000000003ffeffff]
[    0.000000]   Normal   empty
[    0.000000]   Device   empty
[    0.000000] Movable zone start for each node
[    0.000000] Early memory node ranges
[    0.000000]   node   0: [mem 0x0000000000001000-0x000000000009efff]
[    0.000000]   node   0: [mem 0x0000000000100000-0x000000003ffeffff]
[    0.000000] Initmem setup node 0 [mem 0x0000000000001000-0x000000003ffeffff]
[    0.000000] ACPI: PM-Timer IO Port: 0x4008
[    0.000000] IOAPIC[0]: apic_id 2, version 32, address 0xfec00000, GSI 0-23
[    0.000000] ACPI: INT_SRC_OVR (bus 0 bus_irq 0 global_irq 2 dfl dfl)
[    0.000000] ACPI: INT_SRC_OVR (bus 0 bus_irq 9 global_irq 9 low level)
[    0.000000] Using ACPI (MADT) for SMP configuration information
[    0.000000] smpboot: Allowing 2 CPUs, 0 hotplug CPUs
[    0.000000] PM: Registered nosave memory: [mem 0x00000000-0x00000fff]
[    0.000000] PM: Registered nosave memory: [mem 0x0009f000-0x0009ffff]
[    0.000000] PM: Registered nosave memory: [mem 0x000a0000-0x000effff]
[    0.000000] PM: Registered nosave memory: [mem 0x000f0000-0x000fffff]
[    0.000000] e820: [mem 0x40000000-0xfebfffff] available for PCI devices
[    0.000000] Booting paravirtualized kernel on KVM
[    0.000000] clocksource: refined-jiffies: mask: 0xffffffff max_cycles: 0xffffffff, max_idle_ns: 7645519600211568 ns
[    0.000000] setup_percpu: NR_CPUS:512 nr_cpumask_bits:512 nr_cpu_ids:2 nr_node_ids:1
[    0.000000] PERCPU: Embedded 33 pages/cpu @ffff88003fc00000 s95512 r8192 d31464 u1048576
[    0.000000] Built 1 zonelists in Node order, mobility grouping on.  Total pages: 257912
[    0.000000] Policy zone: DMA32
[    0.000000] Kernel command line: BOOT_IMAGE=/boot/vmlinuz-4.4.0-186-generic root=LABEL=cloudimg-rootfs ro console=tty1 console=ttyS0
[    0.000000] PID hash table entries: 4096 (order: 3, 32768 bytes)
[    0.000000] Memory: 997668K/1048120K available (8636K kernel code, 1337K rwdata, 4040K rodata, 1492K init, 1296K bss, 50452K reserved, 0K cma-reserved)
[    0.000000] SLUB: HWalign=64, Order=0-3, MinObjects=0, CPUs=2, Nodes=1
[    0.000000] Kernel/User page tables isolation: enabled
[    0.000000] Hierarchical RCU implementation.
[    0.000000] 	Build-time adjustment of leaf fanout to 64.
[    0.000000] 	RCU restricting CPUs from NR_CPUS=512 to nr_cpu_ids=2.
[    0.000000] RCU: Adjusting geometry for rcu_fanout_leaf=64, nr_cpu_ids=2
[    0.000000] NR_IRQS:33024 nr_irqs:440 16
[    0.000000] Console: colour VGA+ 80x25
[    0.000000] console [tty1] enabled
[    0.000000] console [ttyS0] enabled
[    0.000000] tsc: Detected 3407.998 MHz processor
[    0.303503] Calibrating delay loop (skipped) preset value.. 6815.99 BogoMIPS (lpj=13631992)
[    0.307973] pid_max: default: 32768 minimum: 301
[    0.310156] ACPI: Core revision 20150930
[    0.312725] ACPI: 2 ACPI AML tables successfully acquired and loaded
[    0.315958] Security Framework initialized
[    0.317943] Yama: becoming mindful.
[    0.319600] AppArmor: AppArmor initialized
[    0.322075] Dentry cache hash table entries: 131072 (order: 8, 1048576 bytes)
[    0.326888] Inode-cache hash table entries: 65536 (order: 7, 524288 bytes)
[    0.330439] Mount-cache hash table entries: 2048 (order: 2, 16384 bytes)
[    0.333646] Mountpoint-cache hash table entries: 2048 (order: 2, 16384 bytes)
[    0.337734] Initializing cgroup subsys io
[    0.339748] Initializing cgroup subsys memory
[    0.341890] Initializing cgroup subsys devices
[    0.344085] Initializing cgroup subsys freezer
[    0.346602] Initializing cgroup subsys net_cls
[    0.348809] Initializing cgroup subsys perf_event
[    0.351338] Initializing cgroup subsys net_prio
[    0.353534] Initializing cgroup subsys hugetlb
[    0.355755] Initializing cgroup subsys pids
[    0.359083] mce: CPU supports 0 MCE banks
[    0.360989] Last level iTLB entries: 4KB 128, 2MB 8, 4MB 8
[    0.363512] Last level dTLB entries: 4KB 64, 2MB 0, 4MB 0, 1GB 4
[    0.366313] Spectre V1 : Mitigation: usercopy/swapgs barriers and __user pointer sanitization
[    0.370442] Spectre V2 : Mitigation: Full generic retpoline
[    0.373108] Spectre V2 : Spectre v2 / SpectreRSB mitigation: Filling RSB on context switch
[    0.377199] Speculative Store Bypass: Vulnerable
[    0.379458] SRBDS: Unknown: Dependent on hypervisor status
[    0.382191] MDS: Mitigation: Clear CPU buffers
[    0.387061] Freeing SMP alternatives memory: 36K
[    0.394694] ftrace: allocating 32334 entries in 127 pages
[    0.450841] smpboot: APIC(0) Converting physical 0 to logical package 0
[    0.454047] smpboot: Max logical packages: 1
[    0.456284] x2apic enabled
[    0.457813] Switched APIC routing to physical x2apic.
[    0.461025] ..TIMER: vector=0x30 apic1=0 pin1=2 apic2=-1 pin2=-1
[    0.572384] smpboot: CPU0: Intel(R) Core(TM) i5-7500 CPU @ 3.40GHz (family: 0x6, model: 0x9e, stepping: 0x9)
[    0.577600] Performance Events: unsupported p6 CPU model 158 no PMU driver, software events only.
[    0.593791] KVM setup paravirtual spinlock
[    0.597707] x86: Booting SMP configuration:
[    0.600631] .... node  #0, CPUs:      #1
[    0.603607] kvm-clock: cpu 1, msr 0:3ffe3041, secondary cpu clock
[    0.607805] mce: CPU supports 0 MCE banks
[    0.611803] x86: Booted up 1 node, 2 CPUs
[    0.620168] smpboot: Total of 2 processors activated (13631.99 BogoMIPS)
[    0.626862] devtmpfs: initialized
[    0.631037] evm: security.selinux
[    0.632996] evm: security.SMACK64
[    0.636164] evm: security.SMACK64EXEC
[    0.638588] evm: security.SMACK64TRANSMUTE
[    0.641361] evm: security.SMACK64MMAP
[    0.643865] evm: security.ima
[    0.645729] evm: security.capability
[    0.647859] clocksource: jiffies: mask: 0xffffffff max_cycles: 0xffffffff, max_idle_ns: 7645041785100000 ns
[    0.653172] futex hash table entries: 512 (order: 3, 32768 bytes)
[    0.656545] pinctrl core: initialized pinctrl subsystem
[    0.659853] RTC time:  2:41:42, date: 08/30/20
[    0.662265] NET: Registered protocol family 16
[    0.676362] cpuidle: using governor ladder
[    0.687905] cpuidle: using governor menu
[    0.689805] PCCT header not found.
[    0.691542] ACPI: bus type PCI registered
[    0.693512] acpiphp: ACPI Hot Plug PCI Controller Driver version: 0.5
[    0.696774] PCI: Using configuration type 1 for base access
[    0.713104] ACPI: Added _OSI(Module Device)
[    0.715130] ACPI: Added _OSI(Processor Device)
[    0.717248] ACPI: Added _OSI(3.0 _SCP Extensions)
[    0.719511] ACPI: Added _OSI(Processor Aggregator Device)
[    0.722779] ACPI: Executed 1 blocks of module-level executable AML code
[    0.727787] ACPI: Interpreter enabled
[    0.729848] ACPI: (supports S0 S5)
[    0.731469] ACPI: Using IOAPIC for interrupt routing
[    0.733933] PCI: Using host bridge windows from ACPI; if necessary, use "pci=nocrs" and report a bug
[    0.745580] ACPI: PCI Root Bridge [PCI0] (domain 0000 [bus 00-ff])
[    0.749009] acpi PNP0A03:00: _OSC: OS supports [ASPM ClockPM Segments MSI]
[    0.752788] acpi PNP0A03:00: _OSC: not requesting OS control; OS requires [ExtendedConfig ASPM ClockPM MSI]
[    0.757264] acpi PNP0A03:00: fail to add MMCONFIG information, can't access extended PCI configuration space under this bridge.
[    0.762991] PCI host bridge to bus 0000:00
[    0.764912] pci_bus 0000:00: root bus resource [io  0x0000-0x0cf7 window]
[    0.767810] pci_bus 0000:00: root bus resource [io  0x0d00-0xffff window]
[    0.770769] pci_bus 0000:00: root bus resource [mem 0x000a0000-0x000bffff window]
[    0.774409] pci_bus 0000:00: root bus resource [mem 0x40000000-0xfdffffff window]
[    0.778152] pci_bus 0000:00: root bus resource [bus 00-ff]
[    0.784219] pci 0000:00:01.1: legacy IDE quirk: reg 0x10: [io  0x01f0-0x01f7]
[    0.787781] pci 0000:00:01.1: legacy IDE quirk: reg 0x14: [io  0x03f6]
[    0.790567] pci 0000:00:01.1: legacy IDE quirk: reg 0x18: [io  0x0170-0x0177]
[    0.801575] pci 0000:00:01.1: legacy IDE quirk: reg 0x1c: [io  0x0376]
[    0.818036] pci 0000:00:07.0: quirk: [io  0x4000-0x403f] claimed by PIIX4 ACPI
[    0.821359] pci 0000:00:07.0: quirk: [io  0x4100-0x410f] claimed by PIIX4 SMB
[    0.833332] ACPI: PCI Interrupt Link [LNKA] (IRQs 5 9 10 *11)
[    0.836606] ACPI: PCI Interrupt Link [LNKB] (IRQs 5 9 *10 11)
[    0.839538] ACPI: PCI Interrupt Link [LNKC] (IRQs 5 *9 10 11)
[    0.842417] ACPI: PCI Interrupt Link [LNKD] (IRQs 5 9 10 *11)
[    0.845417] ACPI: Enabled 2 GPEs in block 00 to 07
[    0.847924] vgaarb: setting as boot device: PCI:0000:00:02.0
[    0.850578] vgaarb: device added: PCI:0000:00:02.0,decodes=io+mem,owns=io+mem,locks=none
[    0.854452] vgaarb: loaded
[    0.855905] vgaarb: bridge control possible 0000:00:02.0
[    0.858870] SCSI subsystem initialized
[    0.860696] ACPI: bus type USB registered
[    0.862415] usbcore: registered new interface driver usbfs
[    0.864797] usbcore: registered new interface driver hub
[    0.867316] usbcore: registered new device driver usb
[    0.869890] PCI: Using ACPI for IRQ routing
[    0.873548] NetLabel: Initializing
[    0.875365] NetLabel:  domain hash size = 128
[    0.877427] NetLabel:  protocols = UNLABELED CIPSOv4
[    0.879569] NetLabel:  unlabeled traffic allowed by default
[    0.882301] amd_nb: Cannot enumerate AMD northbridges
[    0.884754] clocksource: Switched to clocksource kvm-clock
[    0.894570] AppArmor: AppArmor Filesystem Enabled
[    0.897012] pnp: PnP ACPI init
[    0.899545] pnp: PnP ACPI: found 3 devices
[    0.910755] clocksource: acpi_pm: mask: 0xffffff max_cycles: 0xffffff, max_idle_ns: 2085701024 ns
[    0.915126] NET: Registered protocol family 2
[    0.917415] TCP established hash table entries: 8192 (order: 4, 65536 bytes)
[    0.920569] TCP bind hash table entries: 8192 (order: 5, 131072 bytes)
[    0.924094] TCP: Hash tables configured (established 8192 bind 8192)
[    0.927052] UDP hash table entries: 512 (order: 2, 16384 bytes)
[    0.929828] UDP-Lite hash table entries: 512 (order: 2, 16384 bytes)
[    0.932897] NET: Registered protocol family 1
[    0.935224] pci 0000:00:00.0: Limiting direct PCI/PCI transfers
[    0.938172] pci 0000:00:01.0: Activating ISA DMA hang workarounds
[    0.941452] Unpacking initramfs...
[    1.149688] Freeing initrd memory: 14876K
[    1.151983] clocksource: tsc: mask: 0xffffffffffffffff max_cycles: 0x311fd208cfc, max_idle_ns: 440795283699 ns
[    1.157313] platform rtc_cmos: registered platform RTC device (no PNP device found)
[    1.161475] Scanning for low memory corruption every 60 seconds
[    1.165260] audit: initializing netlink subsys (disabled)
[    1.168137] audit: type=2000 audit(1598755309.978:1): initialized
[    1.171729] Initialise system trusted keyring
[    1.174421] HugeTLB registered 2 MB page size, pre-allocated 0 pages
[    1.179211] zbud: loaded
[    1.181086] VFS: Disk quotas dquot_6.6.0
[    1.183208] VFS: Dquot-cache hash table entries: 512 (order 0, 4096 bytes)
[    1.187030] squashfs: version 4.0 (2009/01/31) Phillip Lougher
[    1.190527] fuse init (API version 7.23)
[    1.192892] Key type big_key registered
[    1.194827] Allocating IMA MOK and blacklist keyrings.
[    1.199446] Key type asymmetric registered
[    1.201733] Asymmetric key parser 'x509' registered
[    1.204370] Block layer SCSI generic (bsg) driver version 0.4 loaded (major 249)
[    1.208347] io scheduler noop registered
[    1.210544] io scheduler deadline registered (default)
[    1.213154] io scheduler cfq registered
[    1.215190] pci_hotplug: PCI Hot Plug PCI Core version: 0.5
[    1.218217] pciehp: PCI Express Hot Plug Controller Driver version: 0.4
[    1.221882] ACPI: AC Adapter [AC] (on-line)
[    1.224364] input: Power Button as /devices/LNXSYSTM:00/LNXPWRBN:00/input/input0
[    1.228338] ACPI: Power Button [PWRF]
[    1.230578] input: Sleep Button as /devices/LNXSYSTM:00/LNXSLPBN:00/input/input1
[    1.234296] ACPI: Sleep Button [SLPF]
[    1.236502] GHES: HEST is not enabled!
[    1.238998] Serial: 8250/16550 driver, 32 ports, IRQ sharing enabled
[    1.263048] 00:02: ttyS0 at I/O 0x3f8 (irq = 4, base_baud = 115200) is a 16550A
[    1.269697] Linux agpgart interface v0.103
[    1.274229] loop: module loaded
[    1.276930] scsi host0: ata_piix
[    1.278790] scsi host1: ata_piix
[    1.280517] ata1: PATA max UDMA/33 cmd 0x1f0 ctl 0x3f6 bmdma 0xd000 irq 14
[    1.284069] ata2: PATA max UDMA/33 cmd 0x170 ctl 0x376 bmdma 0xd008 irq 15
[    1.287654] libphy: Fixed MDIO Bus: probed
[    1.289777] tun: Universal TUN/TAP device driver, 1.6
[    1.292431] tun: (C) 1999-2004 Max Krasnyansky <maxk@qualcomm.com>
[    1.295790] PPP generic driver version 2.4.2
[    1.298484] ehci_hcd: USB 2.0 'Enhanced' Host Controller (EHCI) Driver
[    1.302048] ehci-pci: EHCI PCI platform driver
[    1.304298] ehci-platform: EHCI generic platform driver
[    1.306926] ohci_hcd: USB 1.1 'Open' Host Controller (OHCI) Driver
[    1.309915] ohci-pci: OHCI PCI platform driver
[    1.312208] ohci-platform: OHCI generic platform driver
[    1.314986] uhci_hcd: USB Universal Host Controller Interface driver
[    1.318282] i8042: PNP: PS/2 Controller [PNP0303:PS2K,PNP0f03:PS2M] at 0x60,0x64 irq 1,12
[    1.322905] serio: i8042 KBD port at 0x60,0x64 irq 1
[    1.325512] serio: i8042 AUX port at 0x60,0x64 irq 12
[    1.328435] mousedev: PS/2 mouse device common for all mice
[    1.331843] input: AT Translated Set 2 keyboard as /devices/platform/i8042/serio0/input/input2
[    1.337075] rtc_cmos rtc_cmos: rtc core: registered rtc_cmos as rtc0
[    1.340326] rtc_cmos rtc_cmos: alarms up to one day, 114 bytes nvram
[    1.343677] i2c /dev entries driver
[    1.345665] device-mapper: uevent: version 1.0.3
[    1.348284] device-mapper: ioctl: 4.34.0-ioctl (2015-10-28) initialised: dm-devel@redhat.com
[    1.352723] ledtrig-cpu: registered to indicate activity on CPUs
[    1.356639] NET: Registered protocol family 10
[    1.359731] NET: Registered protocol family 17
[    1.362295] Key type dns_resolver registered
[    1.365649] registered taskstats version 1
[    1.368033] Loading compiled-in X.509 certificates
[    1.370813] Loaded X.509 cert 'Build time autogenerated kernel key: cef5e81496c0efa51b848ab539e845ddf31c08be'
[    1.375920] zswap: loaded using pool lzo/zbud
[    1.379907] Key type trusted registered
[    1.384700] Key type encrypted registered
[    1.386608] AppArmor: AppArmor sha1 policy hashing enabled
[    1.389210] ima: No TPM chip found, activating TPM-bypass!
[    1.391988] ima: Allocated hash algorithm: sha1
[    1.394226] evm: HMAC attrs: 0x1
[    1.396541]   Magic number: 0:609:663
[    1.398484] rtc_cmos rtc_cmos: setting system clock to 2020-08-30 02:41:43 UTC (1598755303)
[    1.402695] BIOS EDD facility v0.16 2004-Jun-25, 0 devices found
[    1.406026] EDD information not available.
[    1.465041] Freeing unused kernel memory: 1492K
[    1.467447] Write protecting the kernel read-only data: 14336k
[    1.470875] Freeing unused kernel memory: 1592K
[    1.473195] Freeing unused kernel memory: 56K
Loading, please wait...
starting version 229
[    1.486518] random: systemd-udevd: uninitialized urandom read (16 bytes read, 3 bits of entropy available)
[    1.487583] random: udevadm: uninitialized urandom read (16 bytes read, 3 bits of entropy available)
[    1.487618] random: udevadm: uninitialized urandom read (16 bytes read, 3 bits of entropy available)
[    1.500591] random: udevadm: uninitialized urandom read (16 bytes read, 3 bits of entropy available)
[    1.500624] random: systemd-udevd: uninitialized urandom read (16 bytes read, 3 bits of entropy available)
[    1.500634] random: systemd-udevd: uninitialized urandom read (16 bytes read, 3 bits of entropy available)
[    1.500665] random: systemd-udevd: uninitialized urandom read (16 bytes read, 3 bits of entropy available)
[    1.502321] random: systemd-udevd: uninitialized urandom read (16 bytes read, 3 bits of entropy available)
[    1.502353] random: systemd-udevd: uninitialized urandom read (16 bytes read, 3 bits of entropy available)
[    1.502360] random: systemd-udevd: uninitialized urandom read (16 bytes read, 3 bits of entropy available)
[    1.555089] e1000: Intel(R) PRO/1000 Network Driver - version 7.3.21-k8-NAPI
[    1.558577] e1000: Copyright (c) 1999-2006 Intel Corporation.
[    1.565712] Fusion MPT base driver 3.04.20
[    1.567873] Copyright (c) 1999-2008 LSI Corporation
[    1.591465] AVX2 version of gcm_enc/dec engaged.
[    1.594249] AES CTR mode by8 optimization enabled
[    1.596903] Fusion MPT SPI Host driver 3.04.20
[    1.783350] input: ImExPS/2 Generic Explorer Mouse as /devices/platform/i8042/serio1/input/input4
[    1.960987] e1000 0000:00:03.0 eth0: (PCI:33MHz:32-bit) 02:d4:60:56:24:74
[    1.964406] e1000 0000:00:03.0 eth0: Intel(R) PRO/1000 Network Connection
[    2.645343] e1000 0000:00:08.0 eth1: (PCI:33MHz:32-bit) 08:00:27:a5:d8:39
[    2.648610] e1000 0000:00:08.0 eth1: Intel(R) PRO/1000 Network Connection
[    2.654105] e1000 0000:00:03.0 enp0s3: renamed from eth0
[    2.657190] mptbase: ioc0: Initiating bringup
[    2.665284] e1000 0000:00:08.0 enp0s8: renamed from eth1
[    2.871064] ioc0: LSI53C1030 A0: Capabilities={Initiator}
[    4.829892] scsi host2: ioc0: LSI53C1030 A0, FwRev=00000000h, Ports=1, MaxQ=256, IRQ=20
[    6.747701] scsi 2:0:0:0: Direct-Access     VBOX     HARDDISK         1.0  PQ: 0 ANSI: 5
[    6.751926] scsi target2:0:0: Beginning Domain Validation
[    6.756208] scsi target2:0:0: Domain Validation skipping write tests
[    6.759312] scsi target2:0:0: Ending Domain Validation
[    6.761965] scsi target2:0:0: asynchronous
[    6.765153] scsi 2:0:1:0: Direct-Access     VBOX     HARDDISK         1.0  PQ: 0 ANSI: 5
[    6.769173] scsi target2:0:1: Beginning Domain Validation
[    6.781983] scsi target2:0:1: Domain Validation skipping write tests
[    6.784853] scsi target2:0:1: Ending Domain Validation
[    6.787418] scsi target2:0:1: asynchronous
[    6.805706] sd 2:0:0:0: Attached scsi generic sg0 type 0
[    6.808294] sd 2:0:0:0: [sda] 20971520 512-byte logical blocks: (10.7 GB/10.0 GiB)
[    6.812336] sd 2:0:1:0: Attached scsi generic sg1 type 0
[    6.814818] sd 2:0:1:0: [sdb] 20480 512-byte logical blocks: (10.5 MB/10.0 MiB)
[    6.814993] sd 2:0:0:0: [sda] Write Protect is off
[    6.815147] sd 2:0:0:0: [sda] Incomplete mode parameter data
[    6.815148] sd 2:0:0:0: [sda] Assuming drive cache: write through
[    6.823839]  sda: sda1
[    6.824789] sd 2:0:0:0: [sda] Attached SCSI disk
[    6.831137] sd 2:0:1:0: [sdb] Write Protect is off
[    6.833689] sd 2:0:1:0: [sdb] Incomplete mode parameter data
[    6.836364] sd 2:0:1:0: [sdb] Assuming drive cache: write through
[    6.847669] sd 2:0:1:0: [sdb] Attached SCSI disk
Begin: Loading essential drivers ... [    8.152479] md: linear personality registered for level -1
[    8.157753] md: multipath personality registered for level -4
[    8.163140] md: raid0 personality registered for level 0
[    8.169734] md: raid1 personality registered for level 1
[    8.240998] raid6: sse2x1   gen() 12738 MB/s
[    8.308870] raid6: sse2x1   xor()  8682 MB/s
[    8.376823] raid6: sse2x2   gen() 10643 MB/s
[    8.444951] raid6: sse2x2   xor()  8500 MB/s
[    8.513237] raid6: sse2x4   gen() 16577 MB/s
[    8.589509] raid6: sse2x4   xor() 11583 MB/s
[    8.656783] raid6: avx2x1   gen() 21197 MB/s
[    8.729566] raid6: avx2x2   gen() 31125 MB/s
[    8.797422] raid6: avx2x4   gen() 32613 MB/s
[    8.799443] raid6: using algorithm avx2x4 gen() 32613 MB/s
[    8.802111] raid6: using avx2x2 recovery algorithm
[    8.805936] xor: automatically using best checksumming function:
[    8.844866]    avx       : 27007.000 MB/sec
[    8.848309] async_tx: api initialized (async)
[    8.861361] md: raid6 personality registered for level 6
[    8.864354] md: raid5 personality registered for level 5
[    8.866867] md: raid4 personality registered for level 4
[    8.875703] md: raid10 personality registered for level 10
done.
Begin: Running /scripts/init-premount ... done.
Begin: Mounting root file system ... Begin: Running /scripts/local-top ... done.
Begin: Running /scripts/local-premount ... [    8.904405] Btrfs loaded
Scanning for Btrfs filesystems
done.
Warning: fsck not present, so skipping root file system
[    8.980406] EXT4-fs (sda1): mounted filesystem with ordered data mode. Opts: (null)
done.
Begin: Running /scripts/local-bottom ... done.
Begin: Running /scripts/init-bottom ... done.
[    9.411401] systemd[1]: systemd 229 running in system mode. (+PAM +AUDIT +SELINUX +IMA +APPARMOR +SMACK +SYSVINIT +UTMP +LIBCRYPTSETUP +GCRYPT +GNUTLS +ACL +XZ -LZ4 +SECCOMP +BLKID +ELFUTILS +KMOD -IDN)
[    9.419960] systemd[1]: Detected virtualization oracle.
[    9.422452] systemd[1]: Detected architecture x86-64.

Welcome to [1mUbuntu 16.04.6 LTS[0m!

[    9.451201] systemd[1]: Set hostname to <ubuntu>.
[    9.473178] systemd[1]: Initializing machine ID from random generator.
[    9.476481] systemd[1]: Installed transient /etc/machine-id file.
[    9.938276] systemd[1]: Started Forward Password Requests to Wall Directory Watch.
[[0;32m  OK  [0m] Started Forward Password Requests to Wall Directory Watch.
[    9.948931] systemd[1]: Reached target User and Group Name Lookups.
[[0;32m  OK  [0m] Reached target User and Group Name Lookups.
[    9.957078] systemd[1]: Listening on Journal Socket.
[[0;32m  OK  [0m] Listening on Journal Socket.
[    9.965009] systemd[1]: Listening on Device-mapper event daemon FIFOs.
[[0;32m  OK  [0m] Listening on Device-mapper event daemon FIFOs.
[    9.976929] systemd[1]: Reached target Encrypted Volumes.
[[0;32m  OK  [0m] Reached target Encrypted Volumes.
[   10.157001] systemd[1]: Listening on udev Control Socket.
[[0;32m  OK  [0m] Listening on udev Control Socket.
[   10.496426] systemd[1]: Listening on LVM2 poll daemon socket.
[[0;32m  OK  [0m] Listening on LVM2 poll daemon socket.
[   10.747083] systemd[1]: Listening on Syslog Socket.
[[0;32m  OK  [0m] Listening on Syslog Socket.
[   10.829464] systemd[1]: Listening on LVM2 metadata daemon socket.
[[0;32m  OK  [0m] Listening on LVM2 metadata daemon socket.
[   11.156899] systemd[1]: Created slice System Slice.
[[0;32m  OK  [0m] Created slice System Slice.
[   11.830137] systemd[1]: Created slice system-serial\x2dgetty.slice.
[[0;32m  OK  [0m] Created slice system-serial\x2dgetty.slice.
[   11.853163] systemd[1]: Starting Uncomplicated firewall...
         Starting Uncomplicated firewall...
[   11.866579] systemd[1]: Starting Load Kernel Modules...
         Starting Load Kernel Modules...
[   11.877564] systemd[1]: Starting Create list of required static device nodes for the current kernel...
         Starting Create list of required st... nodes for the current kernel...
[   11.889756] systemd[1]: Starting Monitoring of LVM2 mirrors, snapshots etc. using dmeventd or progress polling...
         Starting Monitoring of LVM2 mirrors... dmeventd or progress polling...
[   11.896963] systemd[1]: Listening on Journal Socket (/dev/log).
[[   11.900595] Loading iSCSI transport class v2.0-870.
[0;32m  OK  [0m] Listening on Journal Socket (/dev/log).
[   11.904185] systemd[1]: Listening on /dev/initctl Compatibility Named Pipe.
[[0;32m  OK  [0m] Listening on /dev/initctl Compatibility Named Pipe.
[   11.918812] iscsi: registered transport (tcp)
[   11.925199] systemd[1]: Starting Nameserver information manager...
         Starting Nameserver information manager...
[   11.937308] systemd[1]: Reached target System Time Synchronized.
[[0;32m  OK  [0m] Reached target System Time Synchronized.
[   11.951123] systemd[1]: Mounting Huge Pages File System...
         Mounting Huge Pages File System...
[   11.961069] systemd[1]: Listening on Journal Audit Socket.
[[0;32m  OK  [0m] Listening on Journal Audit Socket.
[   11.981169] systemd[1]: Starting Journal Service...
[   11.983732] iscsi: registered transport (iser)
         Starting Journal Service...
[   11.986631] systemd[1]: Reached target Swap.
[[0;32m  OK  [0m] Reached target Swap.
[   12.017388] systemd[1]: Mounting Debug File System...
         Mounting Debug File System...
[   12.029315] systemd[1]: Created slice User and Session Slice.
[[0;32m  OK  [0m] Created slice User and Session Slice.
[   12.037258] systemd[1]: Reached target Slices.
[[0;32m  OK  [0m] Reached target Slices.
[   12.064949] systemd[1]: Starting Set console keymap...
         Starting Set console keymap...
[   12.073905] systemd[1]: Set up automount Arbitrary Executable File Formats File System Automount Point.
[[0;32m  OK  [0m] Set up automount Arbitrary Executab...ats File System Automount Point.
[   12.112945] systemd[1]: Mounting POSIX Message Queue File System...
         Mounting POSIX Message Queue File System...
[   12.125058] systemd[1]: Started Trigger resolvconf update for networkd DNS.
[[0;32m  OK  [0m] Started Trigger resolvconf update for networkd DNS.
[   12.137815] systemd[1]: Starting Remount Root and Kernel File Systems...
         Starting Remount Root and Kernel File Systems...
[   12.145325] EXT4-fs (sda1): re-mounted. Opts: (null)
[   12.149077] systemd[1]: Listening on udev Kernel Socket.
[[0;32m  OK  [0m] Listening on udev Kernel Socket.
[   12.165707] systemd[1]: Mounted Debug File System.
[[0;32m  OK  [0m] Mounted Debug File System.
[   12.173361] systemd[1]: Mounted POSIX Message Queue File System.
[[0;32m  OK  [0m] Mounted POSIX Message Queue File System.
[   12.177242] systemd[1]: Mounted Huge Pages File System.
[[0;32m  OK  [0m] Mounted Huge Pages File System.
[   12.185091] systemd[1]: Started Journal Service.
[[   12.187480] random: nonblocking pool is initialized
[0;32m  OK  [0m] Started Journal Service.
[[0;32m  OK  [0m] Started Uncomplicated firewall.
[[0;32m  OK  [0m] Started Load Kernel Modules.
[[0;32m  OK  [0m] Started Create list of required sta...ce nodes for the current kernel.
[[0;32m  OK  [0m] Started Set console keymap.
[[0;32m  OK  [0m] Started Remount Root and Kernel File Systems.
[[0;32m  OK  [0m] Started Nameserver information manager.
[[0;32m  OK  [0m] Started LVM2 metadata daemon.
         Starting Load/Save Random Seed...
         Starting udev Coldplug all Devices...
         Starting Create Static Device Nodes in /dev...
         Starting Apply Kernel Variables...
         Mounting FUSE Control File System...
         Starting Flush Journal to Persistent Storage...
[[0;32m  OK  [0m] Mounted FUSE Control File System.
[[0;32m  OK  [0m] Started Load/Save Random Seed.
[[0;32m  OK  [0m] Started Apply Kernel Variables.
[[0;32m  OK  [0m] Started Monitoring of LVM2 mirrors,...ng dmeventd or progress polling.
[[0;32m  OK  [0m] Started Flush Journal to Persistent Storage.
[[0;32m  OK  [0m] Started udev Coldplug all Devices.
[[0;32m  OK  [0m] Started Create Static Device Nodes in /dev.
[[0;32m  OK  [0m] Reached target Local File Systems (Pre).
[[0;32m  OK  [0m] Reached target Local File Systems.
         Starting Initial cloud-init job (pre-networking)...
         Starting LSB: AppArmor initialization...
         Starting Commit a transient machine-id on disk...
         Starting Create Volatile Files and Directories...
         Starting Tell Plymouth To Write Out Runtime Data...
         Starting Set console font and keymap...
         Starting udev Kernel Device Manager...
[[0;32m  OK  [0m] Started Create Volatile Files and Directories.
[[0;32m  OK  [0m] Started Tell Plymouth To Write Out Runtime Data.
         Starting Update UTMP about System Boot/Shutdown...
[[0;32m  OK  [0m] Started Commit a transient machine-id on disk.
[[0;32m  OK  [0m] Started Update UTMP about System Boot/Shutdown.
[[0;32m  OK  [0m] Started udev Kernel Device Manager.
[[0;32m  OK  [0m] Started Dispatch Password Requests to Console Directory Watch.
[[0;32m  OK  [0m] Found device /dev/ttyS0.
[[0;32m  OK  [0m] Listening on Load/Save RF Kill Switch Status /dev/rfkill Watch.
[[0;32m  OK  [0m] Started LSB: AppArmor initialization.
         Starting Load AppArmor profiles managed internally by snapd...
[[0;32m  OK  [0m] Started Load AppArmor profiles managed internally by snapd.
[[0;32m  OK  [0m] Started Set console font and keymap.
[[0;32m  OK  [0m] Created slice system-getty.slice.
[   14.847527] cloud-init[482]: Cloud-init v. 20.2-45-g5f7825e2-0ubuntu1~16.04.1 running 'init-local' at Sun, 30 Aug 2020 02:41:56 +0000. Up 14.49 seconds.
[[0;32m  OK  [0m] Started Initial cloud-init job (pre-networking).
[[0;32m  OK  [0m] Reached target Network (Pre).
         Starting Raise network interfaces...
[[0;32m  OK  [0m] Started Raise network interfaces.
[[0;32m  OK  [0m] Reached target Network.
         Starting Initial cloud-init job (metadata service crawler)...
[   16.066170] cloud-init[978]: Cloud-init v. 20.2-45-g5f7825e2-0ubuntu1~16.04.1 running 'init' at Sun, 30 Aug 2020 02:41:57 +0000. Up 15.37 seconds.
[   16.072505] cloud-init[978]: ci-info: ++++++++++++++++++++++++++++++++++++++Net device info+++++++++++++++++++++++++++++++++++++++
[   16.080431] cloud-init[978]: ci-info: +--------+-------+----------------------------+---------------+--------+-------------------+
[   16.091722] cloud-init[978]: ci-info: | Device |   Up  |          Address           |      Mask     | Scope  |     Hw-Address    |
[   16.102148] [cloud-init[0;32m  OK  [0m[978]: ] ci-info: +--------+-------+----------------------------+---------------+--------+-------------------+Started Initial cloud-init job (metadata service crawler).

[[0;32m  OK  [0m] Reached target System Initialization.
[[0;32m  OK  [0m] Listening on UUID daemon activation socket.
[[0;32m  OK  [0m] Listening on D-Bus System Message Bus Socket.
[   16.102443] cloud-init[978]: ci-info: | enp0s3 |  True |         10.0.2.15          | 255.255.255.0 | global | 02:d4:60:56:24:74 |
         Starting LXD - unix socket.
[[0;32m  OK  [0m] Listening on ACPID Listen Socket.
[[0;32m  OK  [0m] Started Daily Cleanup of Temporary Directories.
[   16.274820] cloud-init[978]: ci-info: | enp0s3 |  True | fe80::d4:60ff:fe56:2474/64 |       .       |  link  | 02:d4:60:56:24:74 |
[   16.681491] cloud-init[978]: ci-info: | enp0s8 | False |             .              |       .       |   .    | 08:00:27:a5:d8:39 |
[   16.770354] cloud-init[978]: ci-info: |   lo   |  True |         127.0.0.1          |   255.0.0.0   |  host  |         .         |
[   16.797515] cloud-init[978]: ci-info: |   lo   |  True |          ::1/128           |       .       |  host  |         .         |
[   16.804317] cloud-init[978]: ci-info: +--------+-------+----------------------------+---------------+--------+-------------------+
[   16.880298] cloud-init[978]: ci-info: +++++++++++++++++++++++++++Route IPv4 info++++++++++++++++++++++++++++
[[0;32m  OK  [0m] Started ACPI Events Check.
[[0;32m  OK  [0m] Reached target Paths.
         Starting Socket activation for snappy daemon.
[   16.991158] cloud-init[978]: ci-info: +-------+-------------+----------+---------------+-----------+-------+
[   17.295118] cloud-init[978]: ci-info: | Route | Destination | Gateway  |    Genmask    | Interface | Flags |
[   17.390532] cloud-init[978]: ci-info: +-------+-------------+----------+---------------+-----------+-------+
[   17.472588] cloud-init[978]: ci-info: |   0   |   0.0.0.0   | 10.0.2.2 |    0.0.0.0    |   enp0s3  |   UG  |
[   17.481137] cloud-init[978]: ci-info: |   1   |   10.0.2.0  | 0.0.0.0  | 255.255.255.0 |   enp0s3  |   U   |
[[0;32m  OK  [0m] Started Message of the Day.
[   17.481395] [cloud-init[0;32m  OK  [0m[978]: ] ci-info: +-------+-------------+----------+---------------+-----------+-------+Started Daily apt download activities.

[   17.497278] [cloud-init[0;32m  OK  [0m[978]: ] ci-info: +++++++++++++++++++Route IPv6 info+++++++++++++++++++Started Daily apt upgrade and clean activities.

[   17.504651] cloud-init[978]: ci-info: +-------+-------------+---------+-----------+-------+
[[0;32m  OK  [0m] Reached target Timers.
[[0;32m  OK  [0m] Reached target Network is Online.
[   17.505316] cloud-init[978]: ci-info: | Route | Destination | Gateway | Interface | Flags |
[   17.514820] cloud-init[978]: ci-info: +-------+-------------+---------+-----------+-------+
[   17.516319] cloud-init[978]: ci-info: |   0   |  fe80::/64  |    ::   |   enp0s3  |   U   |
         Starting iSCSI initiator daemon (iscsid)...
[   17.528583] cloud-init[978]: ci-info: |   3   |   ff00::/8  |    ::   |   enp0s3  |   U   |
[   17.528726] cloud-init[978]: [[0;32m  OK  [0m] Reached target Cloud-config availability.
ci-info: +-------+-------------+---------+-----------+-------+
[   17.542043] [cloud-init[0;32m  OK  [0m[978]: ] Generating public/private rsa key pair.Listening on LXD - unix socket.

[   17.544081] cloud-init[978]: Your identification has been saved in /etc/ssh/ssh_host_rsa_key.
[[0;32m  OK  [0m] Listening on Socket activation for snappy daemon.
[[0;32m  OK  [0m] Reached target Sockets.
[[   17.545169] [0;32m  OK  [0mcloud-init] [978]: Reached target Basic System.Your public key has been saved in /etc/ssh/ssh_host_rsa_key.pub.

[   17.547758]          cloud-initStarting Accounts Service...[978]: 
The key fingerprint is:
         Starting LXD - container startup/shutdown...
[   17.549342] cloud-init[978]: SHA256:4eBA4PLNs4Ln5R9a2DgCHbyNtLSB7fmIOu/mqrtLuCo root@ubuntu-xenial
[[0;32m  OK  [0m] Started FUSE filesystem for LXC.
[   17.552131] cloud-init[978]: The key's randomart image is:
         Starting LSB: MD monitoring daemon...
[[0;32m  OK  [0m] Started Deferred execution scheduler.
         Starting Login Service...
         Starting Pollinate to seed the pseudo random number generator...
         Starting LSB: Record successful boot for GRUB...
[[0;32m  OK  [0m] Started Regular background program processing daemon.
         Starting Virtualbox guest utils...
[   17.565374] cloud-init[978]: +---[RSA 2048]----+
[   17.581310] cloud-init         [978]: Starting System Logging Service...|  ...            |

[   17.582258] cloud-init[978]: | = .             |
[   17.596422] [cloud-init[0;32m  OK  [0m[978]: ] |o O . . .        |Started D-Bus System Message Bus.

[   17.597733] cloud-init[978]: | B % o o .       |
[   17.609637] cloud-init[978]: |. X = . S        |
[   17.616706] cloud-init[978]: |.+ o *           |
[   17.618275] cloud-init[978]: |+.= B +          |
[   17.619847] cloud-init[978]: |E+.= + .         |
[   17.628587] cloud-init[978]: |&@= o..          |
[   17.636527] cloud-init[978]: +----[SHA256]-----+
[   17.638144] cloud-init[978]: Generating public/private dsa key pair.
[   17.644555] cloud-init[978]: Your identification has been saved in /etc/ssh/ssh_host_dsa_key.
[   17.652356] cloud-init[978]: Your public key has been saved in /etc/ssh/ssh_host_dsa_key.pub.
[   17.655593] cloud-init[978]: The key fingerprint is:
[   17.664682] cloud-init[978]: SHA256:d3uNoer0RlnAUkgQGKdfeQYsbwhzrGqSNo0rIxWJh7s root@ubuntu-xenial
[   17.672375] cloud-init[978]: The key's randomart image is:
[   17.673915] cloud-init[978]: +---[DSA 1024]----+
[   17.680507] cloud-init[978]: |      .++=o+.    |
[   17.681580] cloud-init[978]: |      +o+ +oo    |
[   17.682729] cloud-init[978]: | o .  .= +o.o.   |
[   17.688801] cloud-init[978]: |o +   ....oo  .  |
[   17.696576] cloud-init[978]: | o = .  S.. .o.  |
[   17.704637] cloud-init[978]: |. B +    . .oo + |
[   17.712296] cloud-init[978]: | + =      ..o o .|
[   17.720450] cloud-init[978]: |E .      . o..   |
[   17.721869] cloud-init[978]: |.o       .o..    |
[   17.729096] cloud-init[978]: +----[SHA256]-----+
[   17.736414] cloud-init[978]: Generating public/private ecdsa key pair.
[   17.744296] cloud-init[978]: Your identification has been saved in /etc/ssh/ssh_host_ecdsa_key.
[   17.752293] cloud-init[978]: Your public key has been saved in /etc/ssh/ssh_host_ecdsa_key.pub.
[   17.764414] cloud-init[978]: The key fingerprint is:
[   17.772604] cloud-init[978]: SHA256:Q6C6C8PLzeefaLgluIRR+4rs0qsIjaDjZG6RPNq4bcI root@ubuntu-xenial
[   17.786799]          cloud-initStarting Snap Daemon...[978]: 
The key's randomart image is:
         Starting /etc/rc.local Compatibility...
[[0;32m  OK  [0m] Started ACPI event daemon.
[[0;32m  OK  [0m] Started System Logging Service.
[   17.793521] cloud-init[978]: +---[ECDSA 256]---+
[   17.812982] cloud-init[978]: |      .          |
[   17.818923] cloud-init[978]: |     . .         |
[   17.822084] [[0;32m  OK  [0m] Started /etc/rc.local Compatibility.
cloud-init[978]: |  . .   .        |
[   17.827396] cloud-init[978]: | . o   .         |
[   17.840572] cloud-init[978]: |+ +     S        |
[   17.848359] cloud-init[978]: |=O.o     .       |
[   17.851140] cloud-init[978]: |@X=.o.           |
[   17.852892] cloud-init[978]: |/EO+oo. .        |
[   17.855436] cloud-init[978]: |O&===o.o         |
[   17.868823] cloud-init[978]: +----[SHA256]-----+
[   17.873474] cloud-init[978]: Generating public/private ed25519 key pair.
[   17.879016] cloud-init[978]: Your identification has been saved in /etc/ssh/ssh_host_ed25519_key.
[   17.883942] cloud-init[978]: Your public key has been saved in /etc/ssh/ssh_host_ed25519_key.pub.
[   17.896761] cloud-init[978]: The key fingerprint is:
[   17.896897] cloud-init[978]: SHA256:zUxziBHaq9jVifLxcFdwaANdoqMhfMpZPie412BCS7U root@ubuntu-xenial
[[0;32m  OK  [0m] Started iSCSI initiator daemon (iscsid).
[   17.898000] cloud-init[978]: The key's randomart image is:
[   17.912587] cloud-init[978]: +--[ED25519 256]--+
[[0;32m  OK  [0m] Started Login Service.
[   17.912895] cloud-init[978]: |        +..oooo  |
[   17.932462] cloud-init[978]: |     . + + o=+   |
[   17.945682] cloud-init[978]: |      * E *....  |
[   17.945823] cloud-init[978]: |     + X @ = .   |
[   17.946807] cloud-init[978]: |      O S O .    |
[   17.947720] cloud-init[978]: |     o O @ .     |
[   17.950606] cloud-init[978]: |    . + o o      |
[   17.952113] cloud-init[978]: |       .         |
[   17.952861] cloud-init[978]: |                 |
[   17.953414] cloud-init[978]: +----[SHA256]-----+
[[0;32m  OK  [0m] Started Unattended Upgrades Shutdown.
         Starting Login to default iSCSI targets...
         Starting Authenticate and Authorize Users to Run Privileged Tasks...
[[0;32m  OK  [0m] Started LSB: Record successful boot for GRUB.
[[0;32m  OK  [0m] Started LSB: MD monitoring daemon.
[[0;32m  OK  [0m] Started Login to default iSCSI targets.
[[0;32m  OK  [0m] Reached target Remote File Systems (Pre).
[[0;32m  OK  [0m] Reached target Remote File Systems.
         Starting Permit User Sessions...
         Starting LSB: automatic crash report generation...
         Starting LSB: daemon to balance interrupts for SMP systems...
         Starting LSB: Set the CPU Frequency Scaling governor to "ondemand"...
[[0;32m  OK  [0m] Started Permit User Sessions.
         Starting Terminate Plymouth Boot Screen...
         Starting Hold until boot process finishes up...
[[0;32m  OK  [0m] Started Terminate Plymouth Boot Screen.
[[0;32m  OK  [0m] Started Hold until boot process finishes up.
[[0;32m  OK  [0m] Started Getty on tty1.
         Starting Set console scheme...
[[0;32m  OK  [0m] Started Serial Getty on ttyS0.
[[0;32m  OK  [0m] Reached target Login Prompts.
[[0;32m  OK  [0m] Started Authenticate and Authorize Users to Run Privileged Tasks.
[[0;32m  OK  [0m] Started Virtualbox guest utils.
[[0;32m  OK  [0m] Started Accounts Service.
[[0;32m  OK  [0m] Started Set console scheme.
[[0;32m  OK  [0m] Started LSB: Set the CPU Frequency Scaling governor to "ondemand".
[[0;32m  OK  [0m] Started LSB: automatic crash report generation.
[[0;32m  OK  [0m] Started LSB: daemon to balance interrupts for SMP systems.
[[0;32m  OK  [0m] Started LXD - container startup/shutdown.
[[0;32m  OK  [0m] Started Snap Daemon.
         Starting Wait until snapd is fully seeded...
[[0;32m  OK  [0m] Started Pollinate to seed the pseudo random number generator.
         Starting OpenBSD Secure Shell server...
[[0;32m  OK  [0m] Started OpenBSD Secure Shell server.
[[0;32m  OK  [0m] Created slice User Slice of vagrant.
         Starting User Manager for UID 1000...
[[0;32m  OK  [0m] Started Session 1 of user vagrant.
[[0;32m  OK  [0m] Started User Manager for UID 1000.
[[0;32m  OK  [0m] Started Session 2 of user vagrant.
[   24.407793] cloud-init[1780]: Generating locales (this might take a while)...

Ubuntu 16.04.6 LTS ubuntu-xenial ttyS0

ubuntu-xenial login: [   25.083808] cloud-init[1780]:   en_US.UTF-8... done
[   25.084365] cloud-init[1780]: Generation complete.
[   25.526153] cloud-init[1780]: Cloud-init v. 20.2-45-g5f7825e2-0ubuntu1~16.04.1 running 'modules:config' at Sun, 30 Aug 2020 02:42:06 +0000. Up 24.29 seconds.
ci-info: no authorized SSH keys fingerprints found for user ubuntu.
<14>Aug 30 02:42:08 ec2: 
<14>Aug 30 02:42:08 ec2: #############################################################
<14>Aug 30 02:42:08 ec2: -----BEGIN SSH HOST KEY FINGERPRINTS-----
<14>Aug 30 02:42:08 ec2: 1024 SHA256:d3uNoer0RlnAUkgQGKdfeQYsbwhzrGqSNo0rIxWJh7s root@ubuntu-xenial (DSA)
<14>Aug 30 02:42:08 ec2: 256 SHA256:Q6C6C8PLzeefaLgluIRR+4rs0qsIjaDjZG6RPNq4bcI root@ubuntu-xenial (ECDSA)
<14>Aug 30 02:42:08 ec2: 256 SHA256:zUxziBHaq9jVifLxcFdwaANdoqMhfMpZPie412BCS7U root@ubuntu-xenial (ED25519)
<14>Aug 30 02:42:08 ec2: 2048 SHA256:4eBA4PLNs4Ln5R9a2DgCHbyNtLSB7fmIOu/mqrtLuCo root@ubuntu-xenial (RSA)
<14>Aug 30 02:42:08 ec2: -----END SSH HOST KEY FINGERPRINTS-----
<14>Aug 30 02:42:08 ec2: #############################################################
-----BEGIN SSH HOST KEY KEYS-----
ecdsa-sha2-nistp256 AAAAE2VjZHNhLXNoYTItbmlzdHAyNTYAAAAIbmlzdHAyNTYAAABBBP8j6tz2uOedElQ0nkM/9o6TnfZmaWoUiXIbHSGTFBUc/bcpp6S5y6TRy4FID1c1n10tm9Op++q/+/7zXhBItgY= root@ubuntu-xenial
ssh-ed25519 AAAAC3NzaC1lZDI1NTE5AAAAIANyr4aJmJFORMeigfiXheVxhZHwCGoe0iGJuF7Tf/G1 root@ubuntu-xenial
ssh-rsa AAAAB3NzaC1yc2EAAAADAQABAAABAQDNSlq4hqzpWB7wLSFmKl8Ns6tU82eQ+MErYd1y7Z+RETnJGfc4JKtNxJzw1g7afV5+K/YAJeI+3wOVTNu6AkjPdKoBhhLmjNn31PZcM2YF9J1vA0I8E6I++hpx/ZkF+ECRms1kuRLnxp1Ni0wcs4xAKxu9SgKW2cofPS+4LNNkO+Rt/EFWEUN4qMyMIe3qbcdvkl1Z9ia0Owx8preNR7Ad3OlbiTDjtQDU0PSqegfIdF6xkhhjUzn+PBMJsaHfKqnVtF2CnMDLv2ITwAJT+7KLsRMZMRVpgermKxn/26BJWjpuS/t0VO1LS/DNy9ugaOB01oBCsk89Y6FuapA7zPTl root@ubuntu-xenial
-----END SSH HOST KEY KEYS-----
[   25.895599] cloud-init[1826]: Cloud-init v. 20.2-45-g5f7825e2-0ubuntu1~16.04.1 running 'modules:final' at Sun, 30 Aug 2020 02:42:08 +0000. Up 25.76 seconds.
[   25.895803] cloud-init[1826]: ci-info: no authorized SSH keys fingerprints found for user ubuntu.
[   25.896144] cloud-init[1826]: Cloud-init v. 20.2-45-g5f7825e2-0ubuntu1~16.04.1 finished at Sun, 30 Aug 2020 02:42:08 +0000. Datasource DataSourceNoCloud [seed=/dev/sdb][dsmode=net].  Up 25.88 seconds
