[    0.000000] Initializing cgroup subsys cpuset
[    0.000000] Initializing cgroup subsys cpu
[    0.000000] Initializing cgroup subsys cpuacct
[    0.000000] Linux version 4.4.0-186-generic (buildd@lcy01-amd64-002) (gcc version 5.4.0 20160609 (Ubuntu 5.4.0-6ubuntu1~16.04.12) ) #216-Ubuntu SMP Wed Jul 1 05:34:05 UTC 2020 (Ubuntu 4.4.0-186.216-generic 4.4.228)
[    0.000000] Command line: BOOT_IMAGE=/boot/vmlinuz-4.4.0-186-generic root=LABEL=cloudimg-rootfs ro console=tty1 console=ttyS0
[    0.000000] KERNEL supported cpus:
[    0.000000]   Intel GenuineIntel
[    0.000000]   AMD AuthenticAMD
[    0.000000]   Centaur CentaurHauls
[    0.000000] x86/fpu: xstate_offset[2]:  576, xstate_sizes[2]:  256
[    0.000000] x86/fpu: Supporting XSAVE feature 0x01: 'x87 floating point registers'
[    0.000000] x86/fpu: Supporting XSAVE feature 0x02: 'SSE registers'
[    0.000000] x86/fpu: Supporting XSAVE feature 0x04: 'AVX registers'
[    0.000000] x86/fpu: Enabled xstate features 0x7, context size is 832 bytes, using 'standard' format.
[    0.000000] e820: BIOS-provided physical RAM map:
[    0.000000] BIOS-e820: [mem 0x0000000000000000-0x000000000009fbff] usable
[    0.000000] BIOS-e820: [mem 0x000000000009fc00-0x000000000009ffff] reserved
[    0.000000] BIOS-e820: [mem 0x00000000000f0000-0x00000000000fffff] reserved
[    0.000000] BIOS-e820: [mem 0x0000000000100000-0x000000003ffeffff] usable
[    0.000000] BIOS-e820: [mem 0x000000003fff0000-0x000000003fffffff] ACPI data
[    0.000000] BIOS-e820: [mem 0x00000000fec00000-0x00000000fec00fff] reserved
[    0.000000] BIOS-e820: [mem 0x00000000fee00000-0x00000000fee00fff] reserved
[    0.000000] BIOS-e820: [mem 0x00000000fffc0000-0x00000000ffffffff] reserved
[    0.000000] NX (Execute Disable) protection: active
[    0.000000] SMBIOS 2.5 present.
[    0.000000] Hypervisor detected: KVM
[    0.000000] e820: last_pfn = 0x3fff0 max_arch_pfn = 0x400000000
[    0.000000] MTRR: Disabled
[    0.000000] x86/PAT: MTRRs disabled, skipping PAT initialization too.
[    0.000000] CPU MTRRs all blank - virtualized system.
[    0.000000] x86/PAT: Configuration [0-7]: WB  WT  UC- UC  WB  WT  UC- UC  
[    0.000000] found SMP MP-table at [mem 0x0009fff0-0x0009ffff] mapped at [ffff88000009fff0]
[    0.000000] Scanning 1 areas for low memory corruption
[    0.000000] RAMDISK: [mem 0x362e2000-0x37168fff]
[    0.000000] ACPI: Early table checksum verification disabled
[    0.000000] ACPI: RSDP 0x00000000000E0000 000024 (v02 VBOX  )
[    0.000000] ACPI: XSDT 0x000000003FFF0030 00003C (v01 VBOX   VBOXXSDT 00000001 ASL  00000061)
[    0.000000] ACPI: FACP 0x000000003FFF00F0 0000F4 (v04 VBOX   VBOXFACP 00000001 ASL  00000061)
[    0.000000] ACPI: DSDT 0x000000003FFF0470 002325 (v02 VBOX   VBOXBIOS 00000002 INTL 20100528)
[    0.000000] ACPI: FACS 0x000000003FFF0200 000040
[    0.000000] ACPI: FACS 0x000000003FFF0200 000040
[    0.000000] ACPI: APIC 0x000000003FFF0240 00005C (v02 VBOX   VBOXAPIC 00000001 ASL  00000061)
[    0.000000] ACPI: SSDT 0x000000003FFF02A0 0001CC (v01 VBOX   VBOXCPUT 00000002 INTL 20100528)
[    0.000000] No NUMA configuration found
[    0.000000] Faking a node at [mem 0x0000000000000000-0x000000003ffeffff]
[    0.000000] NODE_DATA(0) allocated [mem 0x3ffeb000-0x3ffeffff]
[    0.000000] kvm-clock: Using msrs 4b564d01 and 4b564d00
[    0.000000] kvm-clock: cpu 0, msr 0:3ffe3001, primary cpu clock
[    0.000000] kvm-clock: using sched offset of 5264349539 cycles
[    0.000000] clocksource: kvm-clock: mask: 0xffffffffffffffff max_cycles: 0x1cd42e4dffb, max_idle_ns: 881590591483 ns
[    0.000000] Zone ranges:
[    0.000000]   DMA      [mem 0x0000000000001000-0x0000000000ffffff]
[    0.000000]   DMA32    [mem 0x0000000001000000-0x000000003ffeffff]
[    0.000000]   Normal   empty
[    0.000000]   Device   empty
[    0.000000] Movable zone start for each node
[    0.000000] Early memory node ranges
[    0.000000]   node   0: [mem 0x0000000000001000-0x000000000009efff]
[    0.000000]   node   0: [mem 0x0000000000100000-0x000000003ffeffff]
[    0.000000] Initmem setup node 0 [mem 0x0000000000001000-0x000000003ffeffff]
[    0.000000] ACPI: PM-Timer IO Port: 0x4008
[    0.000000] IOAPIC[0]: apic_id 2, version 32, address 0xfec00000, GSI 0-23
[    0.000000] ACPI: INT_SRC_OVR (bus 0 bus_irq 0 global_irq 2 dfl dfl)
[    0.000000] ACPI: INT_SRC_OVR (bus 0 bus_irq 9 global_irq 9 low level)
[    0.000000] Using ACPI (MADT) for SMP configuration information
[    0.000000] smpboot: Allowing 2 CPUs, 0 hotplug CPUs
[    0.000000] PM: Registered nosave memory: [mem 0x00000000-0x00000fff]
[    0.000000] PM: Registered nosave memory: [mem 0x0009f000-0x0009ffff]
[    0.000000] PM: Registered nosave memory: [mem 0x000a0000-0x000effff]
[    0.000000] PM: Registered nosave memory: [mem 0x000f0000-0x000fffff]
[    0.000000] e820: [mem 0x40000000-0xfebfffff] available for PCI devices
[    0.000000] Booting paravirtualized kernel on KVM
[    0.000000] clocksource: refined-jiffies: mask: 0xffffffff max_cycles: 0xffffffff, max_idle_ns: 7645519600211568 ns
[    0.000000] setup_percpu: NR_CPUS:512 nr_cpumask_bits:512 nr_cpu_ids:2 nr_node_ids:1
[    0.000000] PERCPU: Embedded 33 pages/cpu @ffff88003fc00000 s95512 r8192 d31464 u1048576
[    0.000000] Built 1 zonelists in Node order, mobility grouping on.  Total pages: 257912
[    0.000000] Policy zone: DMA32
[    0.000000] Kernel command line: BOOT_IMAGE=/boot/vmlinuz-4.4.0-186-generic root=LABEL=cloudimg-rootfs ro console=tty1 console=ttyS0
[    0.000000] PID hash table entries: 4096 (order: 3, 32768 bytes)
[    0.000000] Memory: 997668K/1048120K available (8636K kernel code, 1337K rwdata, 4040K rodata, 1492K init, 1296K bss, 50452K reserved, 0K cma-reserved)
[    0.000000] SLUB: HWalign=64, Order=0-3, MinObjects=0, CPUs=2, Nodes=1
[    0.000000] Kernel/User page tables isolation: enabled
[    0.000000] Hierarchical RCU implementation.
[    0.000000] 	Build-time adjustment of leaf fanout to 64.
[    0.000000] 	RCU restricting CPUs from NR_CPUS=512 to nr_cpu_ids=2.
[    0.000000] RCU: Adjusting geometry for rcu_fanout_leaf=64, nr_cpu_ids=2
[    0.000000] NR_IRQS:33024 nr_irqs:440 16
[    0.000000] Console: colour VGA+ 80x25
[    0.000000] console [tty1] enabled
[    0.000000] console [ttyS0] enabled
[    0.000000] tsc: Detected 3408.000 MHz processor
[    0.314321] Calibrating delay loop (skipped) preset value.. 6816.00 BogoMIPS (lpj=13632000)
[    0.318799] pid_max: default: 32768 minimum: 301
[    0.321293] ACPI: Core revision 20150930
[    0.324143] ACPI: 2 ACPI AML tables successfully acquired and loaded
[    0.327631] Security Framework initialized
[    0.329841] Yama: becoming mindful.
[    0.331779] AppArmor: AppArmor initialized
[    0.334081] Dentry cache hash table entries: 131072 (order: 8, 1048576 bytes)
[    0.339292] Inode-cache hash table entries: 65536 (order: 7, 524288 bytes)
[    0.343394] Mount-cache hash table entries: 2048 (order: 2, 16384 bytes)
[    0.347038] Mountpoint-cache hash table entries: 2048 (order: 2, 16384 bytes)
[    0.350900] Initializing cgroup subsys io
[    0.353158] Initializing cgroup subsys memory
[    0.355535] Initializing cgroup subsys devices
[    0.358233] Initializing cgroup subsys freezer
[    0.361284] Initializing cgroup subsys net_cls
[    0.363925] Initializing cgroup subsys perf_event
[    0.367293] Initializing cgroup subsys net_prio
[    0.370881] Initializing cgroup subsys hugetlb
[    0.374231] Initializing cgroup subsys pids
[    0.378202] mce: CPU supports 0 MCE banks
[    0.380499] Last level iTLB entries: 4KB 128, 2MB 8, 4MB 8
[    0.384176] Last level dTLB entries: 4KB 64, 2MB 0, 4MB 0, 1GB 4
[    0.387859] Spectre V1 : Mitigation: usercopy/swapgs barriers and __user pointer sanitization
[    0.393030] Spectre V2 : Mitigation: Full generic retpoline
[    0.396405] Spectre V2 : Spectre v2 / SpectreRSB mitigation: Filling RSB on context switch
[    0.401860] Speculative Store Bypass: Vulnerable
[    0.404505] SRBDS: Unknown: Dependent on hypervisor status
[    0.407972] MDS: Mitigation: Clear CPU buffers
[    0.412788] Freeing SMP alternatives memory: 36K
[    0.421088] ftrace: allocating 32334 entries in 127 pages
[    0.476456] smpboot: APIC(0) Converting physical 0 to logical package 0
[    0.479999] smpboot: Max logical packages: 1
[    0.482471] x2apic enabled
[    0.484172] Switched APIC routing to physical x2apic.
[    0.487698] ..TIMER: vector=0x30 apic1=0 pin1=2 apic2=-1 pin2=-1
[    0.599035] smpboot: CPU0: Intel(R) Core(TM) i5-7500 CPU @ 3.40GHz (family: 0x6, model: 0x9e, stepping: 0x9)
[    0.604467] Performance Events: unsupported p6 CPU model 158 no PMU driver, software events only.
[    0.618052] KVM setup paravirtual spinlock
[    0.620859] x86: Booting SMP configuration:
[    0.623098] .... node  #0, CPUs:      #1
[    0.625450] kvm-clock: cpu 1, msr 0:3ffe3041, secondary cpu clock
[    0.629437] mce: CPU supports 0 MCE banks
[    0.633357] x86: Booted up 1 node, 2 CPUs
[    0.635680] smpboot: Total of 2 processors activated (13632.00 BogoMIPS)
[    0.639671] devtmpfs: initialized
[    0.642804] evm: security.selinux
[    0.644638] evm: security.SMACK64
[    0.646460] evm: security.SMACK64EXEC
[    0.648469] evm: security.SMACK64TRANSMUTE
[    0.650643] evm: security.SMACK64MMAP
[    0.652635] evm: security.ima
[    0.654325] evm: security.capability
[    0.656561] clocksource: jiffies: mask: 0xffffffff max_cycles: 0xffffffff, max_idle_ns: 7645041785100000 ns
[    0.661614] futex hash table entries: 512 (order: 3, 32768 bytes)
[    0.664983] pinctrl core: initialized pinctrl subsystem
[    0.667875] RTC time:  3:27:54, date: 08/31/20
[    0.670469] NET: Registered protocol family 16
[    0.683389] cpuidle: using governor ladder
[    0.695542] cpuidle: using governor menu
[    0.697636] PCCT header not found.
[    0.699567] ACPI: bus type PCI registered
[    0.701694] acpiphp: ACPI Hot Plug PCI Controller Driver version: 0.5
[    0.705056] PCI: Using configuration type 1 for base access
[    0.719883] ACPI: Added _OSI(Module Device)
[    0.722177] ACPI: Added _OSI(Processor Device)
[    0.724541] ACPI: Added _OSI(3.0 _SCP Extensions)
[    0.727069] ACPI: Added _OSI(Processor Aggregator Device)
[    0.730597] ACPI: Executed 1 blocks of module-level executable AML code
[    0.735880] ACPI: Interpreter enabled
[    0.737861] ACPI: (supports S0 S5)
[    0.739775] ACPI: Using IOAPIC for interrupt routing
[    0.742474] PCI: Using host bridge windows from ACPI; if necessary, use "pci=nocrs" and report a bug
[    0.750826] ACPI: PCI Root Bridge [PCI0] (domain 0000 [bus 00-ff])
[    0.754061] acpi PNP0A03:00: _OSC: OS supports [ASPM ClockPM Segments MSI]
[    0.757871] acpi PNP0A03:00: _OSC: not requesting OS control; OS requires [ExtendedConfig ASPM ClockPM MSI]
[    0.762935] acpi PNP0A03:00: fail to add MMCONFIG information, can't access extended PCI configuration space under this bridge.
[    0.769306] PCI host bridge to bus 0000:00
[    0.771548] pci_bus 0000:00: root bus resource [io  0x0000-0x0cf7 window]
[    0.775022] pci_bus 0000:00: root bus resource [io  0x0d00-0xffff window]
[    0.778543] pci_bus 0000:00: root bus resource [mem 0x000a0000-0x000bffff window]
[    0.782502] pci_bus 0000:00: root bus resource [mem 0x40000000-0xfdffffff window]
[    0.786522] pci_bus 0000:00: root bus resource [bus 00-ff]
[    0.791852] pci 0000:00:01.1: legacy IDE quirk: reg 0x10: [io  0x01f0-0x01f7]
[    0.795493] pci 0000:00:01.1: legacy IDE quirk: reg 0x14: [io  0x03f6]
[    0.798837] pci 0000:00:01.1: legacy IDE quirk: reg 0x18: [io  0x0170-0x0177]
[    0.809836] pci 0000:00:01.1: legacy IDE quirk: reg 0x1c: [io  0x0376]
[    0.826372] pci 0000:00:07.0: quirk: [io  0x4000-0x403f] claimed by PIIX4 ACPI
[    0.830416] pci 0000:00:07.0: quirk: [io  0x4100-0x410f] claimed by PIIX4 SMB
[    0.842301] ACPI: PCI Interrupt Link [LNKA] (IRQs 5 9 10 *11)
[    0.846212] ACPI: PCI Interrupt Link [LNKB] (IRQs 5 9 *10 11)
[    0.849962] ACPI: PCI Interrupt Link [LNKC] (IRQs 5 *9 10 11)
[    0.853625] ACPI: PCI Interrupt Link [LNKD] (IRQs 5 9 10 *11)
[    0.857425] ACPI: Enabled 2 GPEs in block 00 to 07
[    0.860473] vgaarb: setting as boot device: PCI:0000:00:02.0
[    0.863383] vgaarb: device added: PCI:0000:00:02.0,decodes=io+mem,owns=io+mem,locks=none
[    0.867589] vgaarb: loaded
[    0.869126] vgaarb: bridge control possible 0000:00:02.0
[    0.872134] SCSI subsystem initialized
[    0.874319] ACPI: bus type USB registered
[    0.876450] usbcore: registered new interface driver usbfs
[    0.879758] usbcore: registered new interface driver hub
[    0.882542] usbcore: registered new device driver usb
[    0.885400] PCI: Using ACPI for IRQ routing
[    0.889270] NetLabel: Initializing
[    0.891179] NetLabel:  domain hash size = 128
[    0.893464] NetLabel:  protocols = UNLABELED CIPSOv4
[    0.896079] NetLabel:  unlabeled traffic allowed by default
[    0.899563] amd_nb: Cannot enumerate AMD northbridges
[    0.902312] clocksource: Switched to clocksource kvm-clock
[    0.911660] AppArmor: AppArmor Filesystem Enabled
[    0.914277] pnp: PnP ACPI init
[    0.916953] pnp: PnP ACPI: found 3 devices
[    0.929202] clocksource: acpi_pm: mask: 0xffffff max_cycles: 0xffffff, max_idle_ns: 2085701024 ns
[    0.933847] NET: Registered protocol family 2
[    0.936263] TCP established hash table entries: 8192 (order: 4, 65536 bytes)
[    0.939966] TCP bind hash table entries: 8192 (order: 5, 131072 bytes)
[    0.943325] TCP: Hash tables configured (established 8192 bind 8192)
[    0.946645] UDP hash table entries: 512 (order: 2, 16384 bytes)
[    0.949716] UDP-Lite hash table entries: 512 (order: 2, 16384 bytes)
[    0.953007] NET: Registered protocol family 1
[    0.955363] pci 0000:00:00.0: Limiting direct PCI/PCI transfers
[    0.958489] pci 0000:00:01.0: Activating ISA DMA hang workarounds
[    0.961791] Unpacking initramfs...
[    1.160434] Freeing initrd memory: 14876K
[    1.162901] clocksource: tsc: mask: 0xffffffffffffffff max_cycles: 0x311fd3cd494, max_idle_ns: 440795223879 ns
[    1.168102] platform rtc_cmos: registered platform RTC device (no PNP device found)
[    1.172210] Scanning for low memory corruption every 60 seconds
[    1.175723] audit: initializing netlink subsys (disabled)
[    1.178565] audit: type=2000 audit(1598844481.800:1): initialized
[    1.181941] Initialise system trusted keyring
[    1.184581] HugeTLB registered 2 MB page size, pre-allocated 0 pages
[    1.188905] zbud: loaded
[    1.190739] VFS: Disk quotas dquot_6.6.0
[    1.192860] VFS: Dquot-cache hash table entries: 512 (order 0, 4096 bytes)
[    1.196566] squashfs: version 4.0 (2009/01/31) Phillip Lougher
[    1.199896] fuse init (API version 7.23)
[    1.202097] Key type big_key registered
[    1.204190] Allocating IMA MOK and blacklist keyrings.
[    1.208640] Key type asymmetric registered
[    1.210891] Asymmetric key parser 'x509' registered
[    1.213470] Block layer SCSI generic (bsg) driver version 0.4 loaded (major 249)
[    1.217575] io scheduler noop registered
[    1.219845] io scheduler deadline registered (default)
[    1.222581] io scheduler cfq registered
[    1.224733] pci_hotplug: PCI Hot Plug PCI Core version: 0.5
[    1.227647] pciehp: PCI Express Hot Plug Controller Driver version: 0.4
[    1.231289] ACPI: AC Adapter [AC] (on-line)
[    1.233571] input: Power Button as /devices/LNXSYSTM:00/LNXPWRBN:00/input/input0
[    1.237507] ACPI: Power Button [PWRF]
[    1.239604] input: Sleep Button as /devices/LNXSYSTM:00/LNXSLPBN:00/input/input1
[    1.243786] ACPI: Sleep Button [SLPF]
[    1.246060] GHES: HEST is not enabled!
[    1.248178] Serial: 8250/16550 driver, 32 ports, IRQ sharing enabled
[    1.272051] 00:02: tyS0 at I/O 0x3f8 (irq  4, base_baud = 115200)is a 16550A
    1.277890] Linux agpgrt interface v0.103
[    1.282176] loop: module loaded
[    1.284684] scsi host0: ata_piix
[    1.286792] scsi host1: ata_piix
[    1.288622] ata1: PATA max UDMA/33 cmd 0x1f0 ctl 0x3f6 bmdma 0xd000 irq 14
[    1.292129] ata2: PATA max UDMA/33 cmd 0x170 ctl 0x376 bmdma 0xd008 irq 15
[    1.296019] libphy: Fixed MDIO Bus: probed
[    1.298198] tun: Universal TUN/TAP device driver, 1.6
[    1.300836] tun: (C) 1999-2004 Max Krasnyansky <maxk@qualcomm.com>
[    1.304054] PPP generic driver version 2.4.2
[    1.306353] ehci_hcd: USB 2.0 'Enhanced' Host Controller (EHCI) Driver
[    1.309684] ehci-pci: EHCI PCI platform driver
[    1.312082] ehci-platform: EHCI generic platform driver
[    1.314805] ohci_hcd: USB 1.1 'Open' Host Controller (OHCI) Driver
[    1.317963] ohci-pci: OHCI PCI platform driver
[    1.320325] ohci-platform: OHCI generic platform driver
[    1.323094] uhci_hcd: USB Universal Host Controller Interface driver
[    1.326375] i8042: PNP: PS/2 Controller [PNP0303:PS2K,PNP0f03:PS2M] at 0x60,0x64 irq 1,12
[    1.331204] serio: i8042 KBD port at 0x60,0x64 irq 1
[    1.333887] serio: i8042 AUX port at 0x60,0x64 irq 12
[    1.336599] mousedev: PS/2 mouse device common for all mice
[    1.339949] rtc_cmos rtc_cmos: rtc core: registered rtc_cmos as rtc0
[    1.343258] rtc_cmos rtc_cmos: alarms up to one day, 114 bytes nvram
[    1.346542] i2c /dev entries driver
[    1.348550] device-mapper: uevent: version 1.0.3
[    1.351010] input: AT Translated Set 2 keyboard as /devices/platform/i8042/serio0/input/input2
[    1.355670] device-mapper: ioctl: 4.34.0-ioctl (2015-10-28) initialised: dm-devel@redhat.com
[    1.360082] ledtrig-cpu: registered to indicate activity on CPUs
[    1.364037] NET: Registered protocol family 10
[    1.366678] NET: Registered protocol family 17
[    1.369050] Key type dns_resolver registered
[    1.371504] registered taskstats version 1
[    1.373708] Loading compiled-in X.509 certificates
[    1.376724] Loaded X.509 cert 'Build time autogenerated kernel key: cef5e81496c0efa51b848ab539e845ddf31c08be'
[    1.381864] zswap: loaded using pool lzo/zbud
[    1.386293] Key type trusted registered
[    1.392608] Key type encrypted registered
[    1.394793] AppArmor: AppArmor sha1 policy hashing enabled
[    1.397658] ima: No TPM chip found, activating TPM-bypass!
[    1.400513] ima: Allocated hash algorithm: sha1
[    1.402916] evm: HMAC attrs: 0x1
[    1.405206]   Magic number: 0:584:463
[    1.407414] rtc_cmos rtc_cmos: setting system clock to 2020-08-31 03:27:55 UTC (1598844475)
[    1.412049] BIOS EDD facility v0.16 2004-Jun-25, 0 devices found
[    1.415254] EDD information not available.
[    1.474530] Freeing unused kernel memory: 1492K
[    1.477699] Write protecting the kernel read-only data: 14336k
[    1.482268] Freeing unused kernel memory: 1592K
[    1.485943] Freeing unused kernel memory: 56K
Loading, please wait...
starting version 229
[    1.501150] random: systemd-udevd: uninitialized urandom read (16 bytes read, 3 bits of entropy available)
[    1.501992] random: udevadm: uninitialized urandom read (16 bytes read, 3 bits of entropy available)
[    1.502011] random: udevadm: uninitialized urandom read (16 bytes read, 3 bits of entropy available)
[    1.514398] random: udevadm: uninitialized urandom read (16 bytes read, 3 bits of entropy available)
[    1.514474] random: udevadm: uninitialized urandom read (16 bytes read, 3 bits of entropy available)
[    1.514709] random: udevadm: uninitialized urandom read (16 bytes read, 3 bits of entropy available)
[    1.514794] random: udevadm: uninitialized urandom read (16 bytes read, 3 bits of entropy available)
[    1.514878] random: udevadm: uninitialized urandom read (16 bytes read, 3 bits of entropy available)
[    1.514961] random: udevadm: uninitialized urandom read (16 bytes read, 3 bits of entropy available)
[    1.515041] random: udevadm: uninitialized urandom read (16 bytes read, 3 bits of entropy available)
[    1.582487] e1000: Intel(R) PRO/1000 Network Driver - version 7.3.21-k8-NAPI
[    1.586229] e1000: Copyright (c) 1999-2006 Intel Corporation.
[    1.593240] Fusion MPT base driver 3.04.20
[    1.595569] Copyright (c) 1999-2008 LSI Corporation
[    1.605118] Fusion MPT SPI Host driver 3.04.20
[    1.611034] AVX2 version of gcm_enc/dec engaged.
[    1.613532] AES CTR mode by8 optimization enabled
[    1.827894] input: ImExPS/2 Generic Explorer Mouse as /devices/platform/i8042/serio1/input/input4
[    2.167233] e1000 0000:00:03.0 eth0: (PCI:33MHz:32-bit) 02:d4:60:56:24:74
[    2.170857] e1000 0000:00:03.0 eth0: Intel(R) PRO/1000 Network Connection
[    3.651447] e1000 0000:00:08.0 eth1: (PCI:33MHz:32-bit) 08:00:27:24:da:5f
[    3.655130] e1000 0000:00:08.0 eth1: Intel(R) PRO/1000 Network Connection
[    3.659287] mptbase: ioc0: Initiating bringup
[    3.659808] e1000 0000:00:08.0 enp0s8: renamed from eth1
[    3.675809] e1000 0000:00:03.0 enp0s3: renamed from eth0
[    3.734458] ioc0: LSI53C1030 A0: Capabilities={Initiator}
[    3.897634] scsi host2: ioc0: LSI53C1030 A0, FwRev=00000000h, Ports=1, MaxQ=256, IRQ=20
[    4.011050] scsi 2:0:0:0: Direct-Access     VBOX     HARDDISK         1.0  PQ: 0 ANSI: 5
[    4.015443] scsi target2:0:0: Beginning Domain Validation
[    4.020543] scsi target2:0:0: Domain Validation skipping write tests
[    4.023778] scsi target2:0:0: Ending Domain Validation
[    4.026609] scsi target2:0:0: asynchronous
[    4.029825] scsi 2:0:1:0: Direct-Access     VBOX     HARDDISK         1.0  PQ: 0 ANSI: 5
[    4.034123] scsi target2:0:1: Beginning Domain Validation
[    4.046715] scsi target2:0:1: Domain Validation skipping write tests
[    4.049926] scsi target2:0:1: Ending Domain Validation
[    4.052743] scsi target2:0:1: asynchronous
[    4.067575] sd 2:0:0:0: [sda] 20971520 512-byte logical blocks: (10.7 GB/10.0 GiB)
[    4.067596] sd 2:0:0:0: Attached scsi generic sg0 type 0
[    4.074917] sd 2:0:0:0: [sda] Write Protect is off
[    4.075130] sd 2:0:1:0: Attached scsi generic sg1 type 0
[    4.075194] sd 2:0:1:0: [sdb] 20480 512-byte logical blocks: (10.5 MB/10.0 MiB)
[    4.075592] sd 2:0:1:0: [sdb] Write Protect is off
[    4.075945] sd 2:0:1:0: [sdb] Incomplete mode parameter data
[    4.075964] sd 2:0:1:0: [sdb] Assuming drive cache: write through
[    4.089442] sd 2:0:1:0: [sdb] Attached SCSI disk
[    4.098214] sd 2:0:0:0: [sda] Incomplete mode parameter data
[    4.101202] sd 2:0:0:0: [sda] Assuming drive cache: write through
[    4.107273]  sda: sda1
[    4.109878] sd 2:0:0:0: [sda] Attached SCSI disk
Begin: Loading essential drivers ... [    5.411407] md: linear personality registered for level -1
[    5.416424] md: multipath personality registered for level -4
[    5.421760] md: raid0 personality registered for level 0
[    5.427486] md: raid1 personality registered for level 1
[    5.498619] raid6: sse2x1   gen() 13333 MB/s
[    5.566542] raid6: sse2x1   xor()  9836 MB/s
[    5.634474] raid6: sse2x2   gen() 16165 MB/s
[    5.702356] raid6: sse2x2   xor() 11179 MB/s
[    5.770337] raid6: sse2x4   gen() 18719 MB/s
[    5.838698] raid6: sse2x4   xor() 11215 MB/s
[    5.906353] raid6: avx2x1   gen() 21301 MB/s
[    5.974569] raid6: avx2x2   gen() 27283 MB/s
[    6.042577] raid6: avx2x4   gen() 33490 MB/s
[    6.044874] raid6: using algorithm avx2x4 gen() 33490 MB/s
[    6.047797] raid6: using avx2x2 recovery algorithm
[    6.051598] xor: automatically using best checksumming function:
[    6.118727]    avx       : 69957.000 MB/sec
[    6.122072] async_tx: api initialized (async)
[    6.132923] md: raid6 personality registered for level 6
[    6.135836] md: raid5 personality registered for level 5
[    6.138593] md: raid4 personality registered for level 4
[    6.147505] md: raid10 personality registered for level 10
done.
Begin: Running /scripts/init-premount ... done.
Begin: Mounting root file system ... Begin: Running /scripts/local-top ... done.
Begin: Running /scripts/local-premount ... [    6.174870] Btrfs loaded
Scanning for Btrfs filesystems
done.
Warning: fsck not present, so skipping root file system
[    6.258899] EXT4-fs (sda1): mounted filesystem with ordered data mode. Opts: (null)
done.
Begin: Running /scripts/local-bottom ... done.
Begin: Running /scripts/init-bottom ... done.
[    6.674715] systemd[1]: systemd 229 running in system mode. (+PAM +AUDIT +SELINUX +IMA +APPARMOR +SMACK +SYSVINIT +UTMP +LIBCRYPTSETUP +GCRYPT +GNUTLS +ACL +XZ -LZ4 +SECCOMP +BLKID +ELFUTILS +KMOD -IDN)
[    6.684315] systemd[1]: Detected virtualization oracle.
[    6.687218] systemd[1]: Detected architecture x86-64.

Welcome to [1mUbuntu 16.04.6 LTS[0m!

[    6.728191] systemd[1]: Set hostname to <ubuntu>.
[    6.747180] systemd[1]: Initializing machine ID from random generator.
[    6.750757] systemd[1]: Installed transient /etc/machine-id file.
[    7.228279] systemd[1]: Listening on LVM2 poll daemon socket.
[[0;32m  OK  [0m] Listening on LVM2 poll daemon socket.
[    7.238731] systemd[1]: Listening on udev Kernel Socket.
[[0;32m  OK  [0m] Listening on udev Kernel Socket.
[    7.246851] systemd[1]: Created slice User and Session Slice.
[[0;32m  OK  [0m] Created slice User and Session Slice.
[    7.258495] systemd[1]: Reached target Encrypted Volumes.
[[0;32m  OK  [0m] Reached target Encrypted Volumes.
[    7.270526] systemd[1]: Listening on Syslog Socket.
[[0;32m  OK  [0m] Listening on Syslog Socket.
[    7.274478] systemd[1]: Listening on Device-mapper event daemon FIFOs.
[[0;32m  OK  [0m] Listening on Device-mapper event daemon FIFOs.
[    7.286570] systemd[1]: Listening on Journal Audit Socket.
[[0;32m  OK  [0m] Listening on Journal Audit Socket.
[    7.298917] systemd[1]: Reached target User and Group Name Lookups.
[[0;32m  OK  [0m] Reached target User and Group Name Lookups.
[    7.311028] systemd[1]: Listening on /dev/initctl Compatibility Named Pipe.
[[0;32m  OK  [0m] Listening on /dev/initctl Compatibility Named Pipe.
[    7.322560] systemd[1]: Set up automount Arbitrary Executable File Formats File System Automount Point.
[[0;32m  OK  [0m] Set up automount Arbitrary Executab...ats File System Automount Point.
[    7.335112] systemd[1]: Listening on udev Control Socket.
[[0;32m  OK  [0m] Listening on udev Control Socket.
[    7.347039] systemd[1]: Started Forward Password Requests to Wall Directory Watch.
[[0;32m  OK  [0m] Started Forward Password Requests to Wall Directory Watch.
[    7.359004] systemd[1]: Reached target System Time Synchronized.
[[0;32m  OK  [0m] Reached target System Time Synchronized.
[    7.370520] systemd[1]: Listening on Journal Socket.
[[0;32m  OK  [0m] Listening on Journal Socket.
[    7.379054] systemd[1]: Listening on LVM2 metadata daemon socket.
[[0;32m  OK  [0m] Listening on LVM2 metadata daemon socket.
[    7.391079] systemd[1]: Reached target Swap.
[[0;32m  OK  [0m] Reached target Swap.
[    7.399378] systemd[1]: Created slice System Slice.
[[0;32m  OK  [0m] Created slice System Slice.
[    7.422716] systemd[1]: Starting Nameserver information manager...
         Starting Nameserver information manager...
[    7.435744] systemd[1]: Starting Monitoring of LVM2 mirrors, snapshots etc. using dmeventd or progress polling...
         Starting Monitoring of LVM2 mirrors... dmeventd or progress polling...
[    7.455530] systemd[1]: Starting Uncomplicated firewall...
         Starting Uncomplicated firewall...
[    7.467906] systemd[1]: Mounting Huge Pages File System...
         Mounting Huge Pages File System...
[    7.485649] systemd[1]: Starting Load Kernel Modules...
         Starting Load Kernel Modules...
[    7.495204] systemd[1]: Mounting POSIX Message Queue File System...
         Mounting POSIX Message Queue File System...
[    7.501709] systemd[1]: Mounting Debug File System...
         Mounting Debug File System...
[    7.514966] systemd[1]: Reached target Slices.
[[0;32m  OK  [0m] Reached target Slices.
[    7.525255] Loading iSCSI transport class v2.0-870.
[    7.538627] systemd[1]: Starting Set console keymap...
[    7.541609] iscsi: registered transport (tcp)
         Starting Set console keymap...
[    7.545348] systemd[1]: Starting Create list of required static device nodes for the current kernel...
         Starting Create list of required st... nodes for the current kernel...
[    7.553264] systemd[1]: Listening on Journal Socket (/dev/log).
[[0;32m  OK  [0m] Listening on Journal Socket (/dev/log).
[    7.567540] systemd[1]: Starting Journal Service...
         Starting Journal Service...
[    7.572831] systemd[1]: Starting Remount Root and Kernel File Systems...
         Starting Remount Root and Kernel File Systems...
[    7.586807] systemd[1]: Started Trigger resolvconf update for networkd DNS.
[[0;32m  OK  [0m] Started Trig[    7.591817] EXT4-fs (sda1): re-mounted. Opts: (null)
ger resolvconf update for networkd DNS.
[    7.595820] systemd[1]: Created slice system-serial\x2dgetty.slice.
[[0;32m  OK  [0m] Created slice system-serial\x2dgetty.slice.
[    7.624458] systemd[1]: Mounted Debug File System.
[[0;32m  OK  [0m] Mounted Debug File System.
[    7.629113] systemd[1]: Mounted POSIX Message Queue File System.
[    7.629719] iscsi: registered transport (iser)
[[0;32m  OK  [0m] Mounted POSIX Message Queue File System.
[    7.638556] systemd[1]: Mounted Huge Pages File System.
[[0;32m  OK  [0m] Mounted Huge Pages File System.
[    7.651277] systemd[1]: Started Journal Service.
[[0;32m  OK  [0m] Started Journal Service.
[[0;32m  OK  [0m] Started Uncomplicated firewall.
[[0;32m  OK  [0m] Started Load Kernel Modules.
[[0;32m  OK  [0m] Started Set console keymap.
[[0;32m  OK  [0m] Started Create list of required sta...ce nodes for the current kernel.
[[0;32m  OK  [0m] Started Remount Root and Kernel File Systems.
[[0;32m  OK  [0m] Started Nameserver information manager.
[[0;32m  OK  [0m] Started LVM2 metadata daemon.
         Starting Load/Save Random Seed...
         Starting udev Coldplug all Devices...
         Starting Create Static Device Nodes in /dev...
         Mounting FUSE Control File System...
         Starting Apply Kernel Variables...
         Starting Flush Journal to Persistent Storage...
[[0;32m  OK  [0m] Mounted FUSE Control File System.
[[    7.777084] random: nonblocking pool is initialized
[0;32m  OK  [0m] Started Load/Save Random Seed.
[[0;32m  OK  [0m] Started Apply Kernel Variables.
[[0;32m  OK  [0m] Started Flush Journal to Persistent Storage.
[[0;32m  OK  [0m] Started udev Coldplug all Devices.
[[0;32m  OK  [0m] Started Create Static Device Nodes in /dev.
         Starting udev Kernel Device Manager...
[[0;32m  OK  [0m] Started Monitoring of LVM2 mirrors,...ng dmeventd or progress polling.
[[0;32m  OK  [0m] Reached target Local File Systems (Pre).
[[0;32m  OK  [0m] Reached target Local File Systems.
         Starting Create Volatile Files and Directories...
         Starting LSB: AppArmor initialization...
         Starting Initial cloud-init job (pre-networking)...
         Starting Set console font and keymap...
         Starting Commit a transient machine-id on disk...
         Starting Tell Plymouth To Write Out Runtime Data...
[[0;32m  OK  [0m] Started Create Volatile Files and Directories.
         Starting Update UTMP about System Boot/Shutdown...
[[0;32m  OK  [0m] Started Commit a transient machine-id on disk.
[[0;32m  OK  [0m] Started Tell Plymouth To Write Out Runtime Data.
[[0;32m  OK  [0m] Started Update UTMP about System Boot/Shutdown.
[[0;32m  OK  [0m] Started udev Kernel Device Manager.
[[0;32m  OK  [0m] Started Dispatch Password Requests to Console Directory Watch.
[[0;32m  OK  [0m] Found device /dev/ttyS0.
[[0;32m  OK  [0m] Listening on Load/Save RF Kill Switch Status /dev/rfkill Watch.
[[0;32m  OK  [0m] Started LSB: AppArmor initialization.
         Starting Load AppArmor profiles managed internally by snapd...
[[0;32m  OK  [0m] Started Load AppArmor profiles managed internally by snapd.
[[0;32m  OK  [0m] Started Set console font and keymap.
[[0;32m  OK  [0m] Created slice system-getty.slice.
[    9.786275] cloud-init[479]: Cloud-init v. 20.2-45-g5f7825e2-0ubuntu1~16.04.1 running 'init-local' at Mon, 31 Aug 2020 03:28:03 +0000. Up 9.45 seconds.
[[0;32m  OK  [0m] Started Initial cloud-init job (pre-networking).
[[0;32m  OK  [0m] Reached target Network (Pre).
         Starting Raise network interfaces...
[[0;32m  OK  [0m] Started Raise network interfaces.
[[0;32m  OK  [0m] Reached target Network.
         Starting Initial cloud-init job (metadata service crawler)...
[   11.012431] cloud-init[971]: Cloud-init v. 20.2-45-g5f7825e2-0ubuntu1~16.04.1 running 'init' at Mon, 31 Aug 2020 03:28:04 +0000. Up 10.36 seconds.
[   11.020896] cloud-init[971]: ci-info: ++++++++++++++++++++++++++++++++++++++Net device info+++++++++++++++++++++++++++++++++++++++
[   11.028667] cloud-init[971]: ci-info: +--------+-------+----------------------------+---------------+--------+-------------------+
[   11.036928] cloud-init[971]: ci-info: | Device |   Up  |          Address           |      Mask     | Scope  |     Hw-Address    |
[   11.044975] cloud-init[971]: ci-info: +--------+-------+----------------------------+---------------+--------+-------------------+
[   11.046362] cloud-init[971]: ci-info: | enp0s3 |  True |         10.0.2.15          | 255.255.255.0 | global | 02:d4:60:56:24:74 |
[   11.052651] cloud-init[971]: ci-info: | enp0s3 |  True | fe80::d4:60ff:fe56:2474/64 |       .       |  link  | 02:d4:60:56:24:74 |
[[0;32m  OK  [0m] Started Initial cloud-init job (metadata service crawler).
[[   11.052893] [0;32m  OK  [0mcloud-init] [971]: Reached target Cloud-config availability.ci-info: | enp0s8 | False |             .              |       .       |   .    | 08:00:27:24:da:5f |

[   11.068887] cloud-init[971]: ci-info: |   lo   |  True |         127.0.0.1          |   255.0.0.0   |  host  |         .         |
[   11.069131] cloud-init[971]: ci-info: |   lo   |  True |          ::1/128           |       .       |  host  |         .         |
[[0;32m  OK  [0m] Reached target System Initialization.
[[   11.069189] [0;32m  OK  [0mcloud-init] [971]: Listening on D-Bus System Message Bus Socket.ci-info: +--------+-------+----------------------------+---------------+--------+-------------------+

[   11.088893] cloud-init[971]: ci-info: +++++++++++++++++++++++++++Route IPv4 info++++++++++++++++++++++++++++
[   11.089134] cloud-init[971]: ci-info: +-------+-------------+----------+---------------+-----------+-------+
[[0;32m  OK  [0m] Started Message of the Day.
[   11.089219] cloud-init[971]: ci-info: | Route | Destination | Gateway  |    Genmask    | Interface | Flags |
[   11.096896] cloud-init[971]: ci-info: +-------+-------------+----------+---------------+-----------+-------+
[[0;32m  OK  [0m] Listening on UUID daemon activation socket.
[   11.096988] cloud-init[971]: ci-info: |   0   |   0.0.0.0   | 10.0.2.2 |    0.0.0.0    |   enp0s3  |   UG  |
[   11.112356] cloud-init[971]: ci-info: |   1   |   10.0.2.0  | 0.0.0.0  | 255.255.255.0 |   enp0s3  |   U   |
[   11.112587] [cloud-init[0;32m  OK  [0m[971]: ] ci-info: +-------+-------------+----------+---------------+-----------+-------+Started ACPI Events Check.

[[   11.112638] [0;32m  OK  [0mcloud-init] [971]: Reached target Paths.ci-info: +++++++++++++++++++Route IPv6 info+++++++++++++++++++

[   11.128811] cloud-init[971]: ci-info: +-------+-------------+---------+-----------+-------+
[   11.129035] cloud-init[971]: ci-info: | Route | Destination | Gateway | Interface | Flags |
         Starting LXD - unix socket.
[   11.129111] cloud-init[971]: ci-info: +-------+-------------+---------+-----------+-------+
         Starting Socket activation for snappy daemon.
[   11.137243] cloud-init[971]: ci-info: |   0   |  fe80::/64  |    ::   |   enp0s3  |   U   |
[   11.144573] cloud-init[971]: ci-info: |   3   |   ff00::/8  |    ::   |   enp0s3  |   U   |
[   11.144762] cloud-init[971]: ci-info: +-------+-------------+---------+-----------+-------+
[[0;32m  OK  [0m] Listening on ACPID Listen Socket.
[[   11.144837] [0;32m  OK  [0mcloud-init] [971]: Started Daily apt download activities.Generating public/private rsa key pair.

[   11.160768] cloud-init[971]: Your identification has been saved in /etc/ssh/ssh_host_rsa_key.
[   11.161019] cloud-init[971]: Your public key has been saved in /etc/ssh/ssh_host_rsa_key.pub.
[[0;32m  OK  [0m] Started Daily apt upgrade and clean activities.
[[   11.161096] cloud-init[971]: The key fingerprint is:
[0;32m  OK  [0m] Started Daily Cleanup of Temporary Directories.
[[   11.169106] [0;32m  OK  [0mcloud-init] [971]: Reached target Timers.SHA256:5bD+ox33bW38NCIVIaGZfOGtdpYUNUs0F/420YZ6tZk root@ubuntu-xenial

[   11.184240] cloud-init[971]: The key's randomart image is:
[   11.184489] cloud-init[971]: +---[RSA 2048]----+
[[0;32m  OK  [0m] Reached target Network is Online.
[   11.184574] cloud-init[971]: |           +.ooBo|
[   11.200254] cloud-init[971]: |        . = + =.*|
[   11.208420] cloud-init[971]: |        .=.o +.++|
[   11.208728] cloud-init[971]: |         =. o.oo*|
         Starting iSCSI initiator daemon (iscsid)...
[   11.208933] cloud-init[971]: |        S .o.=.Eo|
[   11.217199] cloud-init[971]: |       .  . +. ..|
[   11.217415] cloud-init[971]: |        . .... oo|
[[0;32m  OK  [0m[   11.217515] ] cloud-initListening on LXD - unix socket.[971]: 
|         o.o...o*|
[   11.224463] cloud-init[971]: |        ..o.  .o+|
[[0;32m  OK  [0m] Listening on Socket activation for snappy daemon.
[   11.224779] cloud-init[971]: +----[SHA256]-----+
[   11.240299] cloud-init[971]: Generating public/private dsa key pair.
[   11.248325] cloud-init[971]: Your identification has been saved in /etc/ssh/ssh_host_dsa_key.
[   11.248572] cloud-init[971]: Your public key has been saved in /etc/ssh/ssh_host_dsa_key.pub.
[[0;32m  OK  [0m] Reached target Sockets.
[   11.248628] cloud-init[971]: The key fingerprint is:
[[0;32m  OK  [0m] Reached target Basic System.
[   11.256618] cloud-init[971]: SHA256:vFDB9vMJMtuJI3kix+fOT73j2k0O2+cPrujadd0NdeA root@ubuntu-xenial
[   11.264234] cloud-init[971]: The key's randomart image is:
[   11.264543] cloud-init[971]: +---[DSA 1024]----+
[[0;32m  OK  [0m] Started ACPI event daemon.
[   11.264609] cloud-init[971]: |       ..     .  |
[   11.280232] cloud-init[971]: |        o.   . . |
[   11.280413] cloud-init[971]: |       ...    E o|
         Starting LXD - container startup/shutdown...
[   11.280498] cloud-init[971]: |       oo +    ..|
[   11.280587] cloud-init[971]: |     ...S* = ..  |
[[0;32m  OK  [0m[   11.296548] ] cloud-initStarted Regular background program processing daemon.[971]: 
|    . *.*.o.o  oo|
[   11.298712] cloud-init[971]: |     o *... + + +|
[   11.306714] cloud-init[971]: |       ..o +.@ ..|
[   11.307060] cloud-init[971]: |       .++*o*o=o+|
         Starting Accounts Service...
[   11.307153] cloud-init[971]: +----[SHA256]-----+
[   11.307269] cloud-init[971]: Generating public/private ecdsa key pair.
         Starting Virtualbox guest utils...
[   11.307324] cloud-init[971]: Your identification has been saved in /etc/ssh/ssh_host_ecdsa_key.
[[0;32m  OK  [0m] Started D-Bus System Message Bus.
[   11.323995] cloud-init[971]: Your public key has been saved in /etc/ssh/ssh_host_ecdsa_key.pub.
[   11.344496] cloud-init[971]: The key fingerprint is:
[   11.352366] cloud-init[971]: SHA256:MHlpZBZhGYlexoZpUxv8ZspqrpkQzCbT/hMpbIlZIqg root@ubuntu-xenial
[   11.360388] cloud-init[971]: The key's randomart image is:
[   11.368486] cloud-init[971]: +---[ECDSA 256]---+
[   11.376322] cloud-init[971]: |       B@*       |
[   11.384754] cloud-init[971]: |      **O+       |
[   11.392272] cloud-init[971]: |.    o+==.       |
[   11.400339] cloud-init[971]: |++.   .=  +      |
[   11.408401] cloud-init[971]: |=**. . .S+       |
[   11.409342] cloud-init[971]: |E==.o   o        |
[   11.416250] cloud-init[971]: | .o. . .         |
[   11.424282] cloud-init[971]: |   o.oo          |
[   11.432271] cloud-init[971]: |    ==.          |
[   11.440241] cloud-init[971]: +----[SHA256]-----+
[   11.448348] cloud-init[971]: Generating public/private ed25519 key pair.
[   11.456386] cloud-init[971]: Your identification has been saved in /etc/ssh/ssh_host_ed25519_key.
[   11.464600] cloud-init[971]: Your public key has been saved in /etc/ssh/ssh_host_ed25519_key.pub.
[   11.472242] cloud-init[971]: The key fingerprint is:
[   11.480669] cloud-init[971]: SHA256:GLgPTU/E6lTQQ3ZW8gYnUWpjxBG7hX24DEATrr68KgQ root@ubuntu-xenial
[   11.481779] cloud-init[971]: The key's randomart image is:
[   11.488536] cloud-init[971]: +--[ED25519 256]--+
[   11.489873] cloud-init[971]: |      .*Oo@*+    |
[   11.496357] cloud-init[971]: |     . +=*.@ .   |
         Starting Login Service...
[   11.509611] cloud-init[971]: |    . ooo.O * .  |
[[0;32m  OK  [0m] Started Deferred execution scheduler.
[   11.518213] cloud-init[971]: |E    +o* o B o   |
[   11.526461]          cloud-initStarting LSB: Record successful boot for GRUB...[971]: 
| .  oo+ S . o    |
[   11.528103] cloud-init[971]: |  .  +.          |
[   11.529251] cloud-init[971]: | .    o          |
[   11.536349] cloud-init[971]: |  .  . .         |
[   11.544291] cloud-init[971]: |   ...+.         |
[   11.545420] cloud-init[971]: +----[SHA256]-----+
         Starting Pollinate to seed the pseudo random number generator...
         Starting /etc/rc.local Compatibility...
         Starting LSB: MD monitoring daemon...
[[0;32m  OK  [0m] Started FUSE filesystem for LXC.
         Starting Snap Daemon...
         Starting System Logging Service...
[[0;32m  OK  [0m] Started iSCSI initiator daemon (iscsid).
[[0;32m  OK  [0m] Started /etc/rc.local Compatibility.
         Starting Authenticate and Authorize Users to Run Privileged Tasks...
         Starting Login to default iSCSI targets...
[[0;32m  OK  [0m] Started Login Service.
[[0;32m  OK  [0m] Started Unattended Upgrades Shutdown.
[[0;32m  OK  [0m] Started LSB: Record successful boot for GRUB.
[[0;32m  OK  [0m] Started LSB: MD monitoring daemon.
[[0;32m  OK  [0m] Started Login to default iSCSI targets.
[[0;32m  OK  [0m] Reached target Remote File Systems (Pre).
[[0;32m  OK  [0m] Reached target Remote File Systems.
         Starting LSB: daemon to balance interrupts for SMP systems...
         Starting Permit User Sessions...
         Starting LSB: Set the CPU Frequency Scaling governor to "ondemand"...
         Starting LSB: automatic crash report generation...
[[0;32m  OK  [0m] Started System Logging Service.
[[0;32m  OK  [0m] Started Permit User Sessions.
[[0;32m  OK  [0m] Started Authenticate and Authorize Users to Run Privileged Tasks.
[[0;32m  OK  [0m] Started Accounts Service.
         Starting Hold until boot process finishes up...
         Starting Terminate Plymouth Boot Screen...
[[0;32m  OK  [0m] Started Hold until boot process finishes up.
[[0;32m  OK  [0m] Started Getty on tty1.
         Starting Set console scheme...
[[0;32m  OK  [0m] Started Serial Getty on ttyS0.
[[0;32m  OK  [0m] Reached target Login Prompts.
[[0;32m  OK  [0m] Started LSB: Set the CPU Frequency Scaling governor to "ondemand".
[[0;32m  OK  [0m] Started Virtualbox guest utils.
[[0;32m  OK  [0m] Started Terminate Plymouth Boot Screen.
[[0;32m  OK  [0m] Started Set console scheme.
[[0;32m  OK  [0m] Started LSB: daemon to balance interrupts for SMP systems.
[[0;32m  OK  [0m] Started LSB: automatic crash report generation.
[[0;32m  OK  [0m] Started LXD - container startup/shutdown.
[[0;32m  OK  [0m] Started Snap Daemon.
         Starting Wait until snapd is fully seeded...
[[0;32m  OK  [0m] Started Pollinate to seed the pseudo random number generator.
         Starting OpenBSD Secure Shell server...
[[0;32m  OK  [0m] Started OpenBSD Secure Shell server.

Ubuntu 16.04.6 LTS ubuntu-xenial ttyS0

ubuntu-xenial login: [   18.229889] cloud-init[1370]: Generating locales (this might take a while)...
[   19.333430] cloud-init[1370]:   en_US.UTF-8... done
[   19.334026] cloud-init[1370]: Generation complete.
[   19.827170] cloud-init[1370]: Cloud-init v. 20.2-45-g5f7825e2-0ubuntu1~16.04.1 running 'modules:config' at Mon, 31 Aug 2020 03:28:12 +0000. Up 18.03 seconds.
ci-info: no authorized SSH keys fingerprints found for user ubuntu.
<14>Aug 31 03:28:14 ec2: 
<14>Aug 31 03:28:14 ec2: #############################################################
<14>Aug 31 03:28:14 ec2: -----BEGIN SSH HOST KEY FINGERPRINTS-----
<14>Aug 31 03:28:14 ec2: 1024 SHA256:vFDB9vMJMtuJI3kix+fOT73j2k0O2+cPrujadd0NdeA root@ubuntu-xenial (DSA)
<14>Aug 31 03:28:14 ec2: 256 SHA256:MHlpZBZhGYlexoZpUxv8ZspqrpkQzCbT/hMpbIlZIqg root@ubuntu-xenial (ECDSA)
<14>Aug 31 03:28:14 ec2: 256 SHA256:GLgPTU/E6lTQQ3ZW8gYnUWpjxBG7hX24DEATrr68KgQ root@ubuntu-xenial (ED25519)
<14>Aug 31 03:28:14 ec2: 2048 SHA256:5bD+ox33bW38NCIVIaGZfOGtdpYUNUs0F/420YZ6tZk root@ubuntu-xenial (RSA)
<14>Aug 31 03:28:14 ec2: -----END SSH HOST KEY FINGERPRINTS-----
<14>Aug 31 03:28:14 ec2: #############################################################
-----BEGIN SSH HOST KEY KEYS-----
ecdsa-sha2-nistp256 AAAAE2VjZHNhLXNoYTItbmlzdHAyNTYAAAAIbmlzdHAyNTYAAABBBKm7m3UkMGp8HHMK7i/vZn6FaVbKIAImG82SSGaS3PwGY27VZEVas2xmj24a3e2BnIiiHhInPyN5YTIPGeBoqX4= root@ubuntu-xenial
ssh-ed25519 AAAAC3NzaC1lZDI1NTE5AAAAIABfj2B0oRacPpmqTMSbSEsAu3MGqk8KsTZgKPT4vt8b root@ubuntu-xenial
ssh-rsa AAAAB3NzaC1yc2EAAAADAQABAAABAQC40Tl73MlDQFNKlCjKEU4SzKLEXbm6l4iB3qB3Yc7zEVtt7QJizauUOTNzjvhoyAZC5VGD6YZICTaERmDiQOgUh1LmnmIOraBSsxo9SHSEoJ3gJ/nfQZ5wnwk5xNreLi9WuxYbAYdvXziMWm3hQVjoggV7n+G+Xbf+Jv3OGojRuTRIfgRmwF225kQVJa+Gvmmc6jF/q5D+iQHY7RceB72V773MK928U2nBZirqEP8T6Kb/Mq2+GRk3Ykuh4BgXgA660UEbgK6q9qJgKuYnOMgaE4l+Zapl9M6FaLJw23QxYJy83pEFiQN/u4jprbeHfvB8QbfDkKcdxupUa9Cr/TnJ root@ubuntu-xenial
-----END SSH HOST KEY KEYS-----
[   20.219192] cloud-init[1614]: Cloud-init v. 20.2-45-g5f7825e2-0ubuntu1~16.04.1 running 'modules:final' at Mon, 31 Aug 2020 03:28:14 +0000. Up 20.08 seconds.
[   20.220095] cloud-init[1614]: ci-info: no authorized SSH keys fingerprints found for user ubuntu.
[   20.220722] cloud-init[1614]: Cloud-init v. 20.2-45-g5f7825e2-0ubuntu1~16.04.1 finished at Mon, 31 Aug 2020 03:28:14 +0000. Datasource DataSourceNoCloud [seed=/dev/sdb][dsmode=net].  Up 20.21 seconds
